2022-10-31 13:39:17,763 - WorkflowExecutor - INFO - Starting...
2022-10-31 13:39:18,049 - asyncio - DEBUG - Using selector: EpollSelector
2022-10-31 13:39:18,166 - asyncio - DEBUG - Using selector: EpollSelector
2022-10-31 13:39:18,175 - asyncio - DEBUG - Using selector: EpollSelector
2022-10-31 13:39:28,217 - WorkflowExecutor - INFO - Exiting...
2022-10-31 13:46:40,543 - WorkflowExecutor - INFO - Starting...
2022-10-31 13:46:40,681 - asyncio - DEBUG - Using selector: EpollSelector
2022-10-31 13:46:40,771 - asyncio - DEBUG - Using selector: EpollSelector
2022-10-31 13:46:40,778 - asyncio - DEBUG - Using selector: EpollSelector
2022-10-31 13:46:58,019 - WorkflowExecutor - INFO - Exiting...
2022-10-31 13:47:06,318 - urllib3.connectionpool - DEBUG - Starting new HTTPS connection (1): a3.aliceblueonline.com:443
2022-10-31 13:47:08,002 - urllib3.connectionpool - DEBUG - https://a3.aliceblueonline.com:443 "GET /rest/AliceBlueAPIService/api/customer/accountDetails HTTP/1.1" 200 None
2022-10-31 13:47:08,004 - root - INFO - Get Account details response {"accountStatus":"Activated","dpType":"CDSL","accountId":"720105","sBrokerName":"ALICEBLUE","product":["NRML","MIS","CNC","CO","BO"],"accountName":"MANUBHAI CHHUTUBHAI DESAI","cellAddr":"9869691938","emailAddr":"DESAIMC41@GMAIL.COM","exchEnabled":"bse_cm|nse_cm|bse_fo|nse_fo|mcx_fo|nse_fo|cde_fo|"}
2022-10-31 13:47:08,004 - root - INFO - Using stored session_id BeaUfTesW7zPVM2jtR8nx277pMr7pYkQsbHZYfL5ajd99n1BxyJpJvxfbd6OuZRVbz0vH2aB2DqXj5osuUGlb2sUppPrUI0JAetgXqeSlEjSF5GxkLFrSEsoTPlnqtZCDUseQd0kAAHnB52eDDh4nB8ndca5PsuYIJtdsKLoxvtctStdpWPXXTBY2EDdX7De11DKt6TgZ6xZor7MfslHG39blNfSrNK5mlc6ZynTOjsarcUMAPUmWdiu7dm8txNQ
2022-10-31 13:47:08,004 - urllib3.connectionpool - DEBUG - Starting new HTTPS connection (1): a3.aliceblueonline.com:443
2022-10-31 13:47:09,640 - urllib3.connectionpool - DEBUG - https://a3.aliceblueonline.com:443 "GET /rest/AliceBlueAPIService/api/customer/accountDetails HTTP/1.1" 200 None
2022-10-31 13:47:09,657 - alice_blue - INFO - Took master contracts from local for exchange: INDICES
2022-10-31 13:47:09,667 - alice_blue - INFO - Took master contracts from local for exchange: BSE
2022-10-31 13:47:09,683 - alice_blue - INFO - Took master contracts from local for exchange: NSE
2022-10-31 13:47:09,858 - alice_blue - INFO - Took master contracts from local for exchange: NFO
2022-10-31 13:47:10,112 - alice_blue - INFO - Took master contracts from local for exchange: MCX
2022-10-31 13:47:10,305 - alice_blue - INFO - Took master contracts from local for exchange: NFO
2022-10-31 13:47:10,644 - alice_blue - INFO - Took master contracts from local for exchange: CDS
2022-10-31 13:49:55,615 - urllib3.connectionpool - DEBUG - Starting new HTTPS connection (1): a3.aliceblueonline.com:443
2022-10-31 13:49:56,504 - urllib3.connectionpool - DEBUG - https://a3.aliceblueonline.com:443 "GET /rest/AliceBlueAPIService/api/customer/accountDetails HTTP/1.1" 200 None
2022-10-31 13:49:56,506 - root - INFO - Get Account details response {"accountStatus":"Activated","dpType":"CDSL","accountId":"720105","sBrokerName":"ALICEBLUE","product":["NRML","MIS","CNC","CO","BO"],"accountName":"MANUBHAI CHHUTUBHAI DESAI","cellAddr":"9869691938","emailAddr":"DESAIMC41@GMAIL.COM","exchEnabled":"bse_cm|nse_cm|bse_fo|nse_fo|mcx_fo|nse_fo|cde_fo|"}
2022-10-31 13:49:56,506 - root - INFO - Using stored session_id BeaUfTesW7zPVM2jtR8nx277pMr7pYkQsbHZYfL5ajd99n1BxyJpJvxfbd6OuZRVbz0vH2aB2DqXj5osuUGlb2sUppPrUI0JAetgXqeSlEjSF5GxkLFrSEsoTPlnqtZCDUseQd0kAAHnB52eDDh4nB8ndca5PsuYIJtdsKLoxvtctStdpWPXXTBY2EDdX7De11DKt6TgZ6xZor7MfslHG39blNfSrNK5mlc6ZynTOjsarcUMAPUmWdiu7dm8txNQ
2022-10-31 13:49:56,507 - urllib3.connectionpool - DEBUG - Starting new HTTPS connection (1): a3.aliceblueonline.com:443
2022-10-31 13:49:57,681 - urllib3.connectionpool - DEBUG - https://a3.aliceblueonline.com:443 "GET /rest/AliceBlueAPIService/api/customer/accountDetails HTTP/1.1" 200 None
2022-10-31 13:49:57,690 - alice_blue - INFO - Took master contracts from local for exchange: INDICES
2022-10-31 13:49:57,698 - alice_blue - INFO - Took master contracts from local for exchange: BSE
2022-10-31 13:49:57,712 - alice_blue - INFO - Took master contracts from local for exchange: NSE
2022-10-31 13:49:57,884 - alice_blue - INFO - Took master contracts from local for exchange: NFO
2022-10-31 13:49:58,135 - alice_blue - INFO - Took master contracts from local for exchange: MCX
2022-10-31 13:49:58,323 - alice_blue - INFO - Took master contracts from local for exchange: NFO
2022-10-31 13:49:58,628 - alice_blue - INFO - Took master contracts from local for exchange: CDS
2022-10-31 13:49:58,695 - urllib3.connectionpool - DEBUG - Starting new HTTPS connection (1): a3.aliceblueonline.com:443
2022-10-31 13:49:59,580 - urllib3.connectionpool - DEBUG - https://a3.aliceblueonline.com:443 "POST /rest/AliceBlueAPIService/api/ScripDetails/getScripQuoteDetails HTTP/1.1" 200 None
2022-10-31 13:49:59,583 - urllib3.connectionpool - DEBUG - Starting new HTTPS connection (1): a3.aliceblueonline.com:443
2022-10-31 13:50:01,004 - urllib3.connectionpool - DEBUG - https://a3.aliceblueonline.com:443 "POST /rest/AliceBlueAPIService/api/ScripDetails/getScripQuoteDetails HTTP/1.1" 200 None
2022-10-31 13:51:32,324 - urllib3.connectionpool - DEBUG - Starting new HTTPS connection (1): a3.aliceblueonline.com:443
2022-10-31 13:51:33,891 - urllib3.connectionpool - DEBUG - https://a3.aliceblueonline.com:443 "GET /rest/AliceBlueAPIService/api/customer/accountDetails HTTP/1.1" 200 None
2022-10-31 13:51:33,892 - root - INFO - Get Account details response {"accountStatus":"Activated","dpType":"CDSL","accountId":"720105","sBrokerName":"ALICEBLUE","product":["NRML","MIS","CNC","CO","BO"],"accountName":"MANUBHAI CHHUTUBHAI DESAI","cellAddr":"9869691938","emailAddr":"DESAIMC41@GMAIL.COM","exchEnabled":"bse_cm|nse_cm|bse_fo|nse_fo|mcx_fo|nse_fo|cde_fo|"}
2022-10-31 13:51:33,892 - root - INFO - Using stored session_id BeaUfTesW7zPVM2jtR8nx277pMr7pYkQsbHZYfL5ajd99n1BxyJpJvxfbd6OuZRVbz0vH2aB2DqXj5osuUGlb2sUppPrUI0JAetgXqeSlEjSF5GxkLFrSEsoTPlnqtZCDUseQd0kAAHnB52eDDh4nB8ndca5PsuYIJtdsKLoxvtctStdpWPXXTBY2EDdX7De11DKt6TgZ6xZor7MfslHG39blNfSrNK5mlc6ZynTOjsarcUMAPUmWdiu7dm8txNQ
2022-10-31 13:51:33,893 - urllib3.connectionpool - DEBUG - Starting new HTTPS connection (1): a3.aliceblueonline.com:443
2022-10-31 13:51:34,713 - urllib3.connectionpool - DEBUG - https://a3.aliceblueonline.com:443 "GET /rest/AliceBlueAPIService/api/customer/accountDetails HTTP/1.1" 200 None
2022-10-31 13:51:34,721 - alice_blue - INFO - Took master contracts from local for exchange: INDICES
2022-10-31 13:51:34,727 - alice_blue - INFO - Took master contracts from local for exchange: BSE
2022-10-31 13:51:34,739 - alice_blue - INFO - Took master contracts from local for exchange: NSE
2022-10-31 13:51:34,879 - alice_blue - INFO - Took master contracts from local for exchange: NFO
2022-10-31 13:51:35,085 - alice_blue - INFO - Took master contracts from local for exchange: MCX
2022-10-31 13:51:35,244 - alice_blue - INFO - Took master contracts from local for exchange: NFO
2022-10-31 13:51:35,501 - alice_blue - INFO - Took master contracts from local for exchange: CDS
2022-10-31 13:51:35,557 - urllib3.connectionpool - DEBUG - Starting new HTTPS connection (1): a3.aliceblueonline.com:443
2022-10-31 13:51:36,451 - urllib3.connectionpool - DEBUG - https://a3.aliceblueonline.com:443 "POST /rest/AliceBlueAPIService/api/ScripDetails/getScripQuoteDetails HTTP/1.1" 200 None
2022-10-31 13:51:36,453 - urllib3.connectionpool - DEBUG - Starting new HTTPS connection (1): a3.aliceblueonline.com:443
2022-10-31 13:51:37,794 - urllib3.connectionpool - DEBUG - https://a3.aliceblueonline.com:443 "POST /rest/AliceBlueAPIService/api/ScripDetails/getScripQuoteDetails HTTP/1.1" 200 None
2022-10-31 13:51:37,796 - urllib3.connectionpool - DEBUG - Starting new HTTPS connection (1): a3.aliceblueonline.com:443
2022-10-31 13:51:38,965 - urllib3.connectionpool - DEBUG - https://a3.aliceblueonline.com:443 "POST /rest/AliceBlueAPIService/api/ScripDetails/getScripQuoteDetails HTTP/1.1" 200 None
2022-10-31 13:51:38,967 - urllib3.connectionpool - DEBUG - Starting new HTTPS connection (1): a3.aliceblueonline.com:443
2022-10-31 13:51:40,240 - urllib3.connectionpool - DEBUG - https://a3.aliceblueonline.com:443 "POST /rest/AliceBlueAPIService/api/ScripDetails/getScripQuoteDetails HTTP/1.1" 200 None
2022-10-31 13:52:21,795 - urllib3.connectionpool - DEBUG - Starting new HTTPS connection (1): a3.aliceblueonline.com:443
2022-10-31 13:52:23,558 - urllib3.connectionpool - DEBUG - https://a3.aliceblueonline.com:443 "GET /rest/AliceBlueAPIService/api/customer/accountDetails HTTP/1.1" 200 None
2022-10-31 13:52:23,560 - root - INFO - Get Account details response {"accountStatus":"Activated","dpType":"CDSL","accountId":"720105","sBrokerName":"ALICEBLUE","product":["NRML","MIS","CNC","CO","BO"],"accountName":"MANUBHAI CHHUTUBHAI DESAI","cellAddr":"9869691938","emailAddr":"DESAIMC41@GMAIL.COM","exchEnabled":"bse_cm|nse_cm|bse_fo|nse_fo|mcx_fo|nse_fo|cde_fo|"}
2022-10-31 13:52:23,560 - root - INFO - Using stored session_id BeaUfTesW7zPVM2jtR8nx277pMr7pYkQsbHZYfL5ajd99n1BxyJpJvxfbd6OuZRVbz0vH2aB2DqXj5osuUGlb2sUppPrUI0JAetgXqeSlEjSF5GxkLFrSEsoTPlnqtZCDUseQd0kAAHnB52eDDh4nB8ndca5PsuYIJtdsKLoxvtctStdpWPXXTBY2EDdX7De11DKt6TgZ6xZor7MfslHG39blNfSrNK5mlc6ZynTOjsarcUMAPUmWdiu7dm8txNQ
2022-10-31 13:52:23,561 - urllib3.connectionpool - DEBUG - Starting new HTTPS connection (1): a3.aliceblueonline.com:443
2022-10-31 13:52:25,299 - urllib3.connectionpool - DEBUG - https://a3.aliceblueonline.com:443 "GET /rest/AliceBlueAPIService/api/customer/accountDetails HTTP/1.1" 200 None
2022-10-31 13:52:25,307 - alice_blue - INFO - Took master contracts from local for exchange: INDICES
2022-10-31 13:52:25,313 - alice_blue - INFO - Took master contracts from local for exchange: BSE
2022-10-31 13:52:25,325 - alice_blue - INFO - Took master contracts from local for exchange: NSE
2022-10-31 13:52:25,464 - alice_blue - INFO - Took master contracts from local for exchange: NFO
2022-10-31 13:52:25,671 - alice_blue - INFO - Took master contracts from local for exchange: MCX
2022-10-31 13:52:25,831 - alice_blue - INFO - Took master contracts from local for exchange: NFO
2022-10-31 13:52:26,087 - alice_blue - INFO - Took master contracts from local for exchange: CDS
2022-10-31 13:52:26,142 - urllib3.connectionpool - DEBUG - Starting new HTTPS connection (1): a3.aliceblueonline.com:443
2022-10-31 13:52:27,040 - urllib3.connectionpool - DEBUG - https://a3.aliceblueonline.com:443 "POST /rest/AliceBlueAPIService/api/ScripDetails/getScripQuoteDetails HTTP/1.1" 200 None
2022-10-31 13:52:27,042 - urllib3.connectionpool - DEBUG - Starting new HTTPS connection (1): a3.aliceblueonline.com:443
2022-10-31 13:52:28,272 - urllib3.connectionpool - DEBUG - https://a3.aliceblueonline.com:443 "POST /rest/AliceBlueAPIService/api/ScripDetails/getScripQuoteDetails HTTP/1.1" 200 None
2022-10-31 13:52:28,274 - urllib3.connectionpool - DEBUG - Starting new HTTPS connection (1): a3.aliceblueonline.com:443
2022-10-31 13:52:29,084 - urllib3.connectionpool - DEBUG - https://a3.aliceblueonline.com:443 "POST /rest/AliceBlueAPIService/api/ScripDetails/getScripQuoteDetails HTTP/1.1" 200 None
2022-10-31 13:52:29,086 - urllib3.connectionpool - DEBUG - Starting new HTTPS connection (1): a3.aliceblueonline.com:443
2022-10-31 13:52:31,336 - urllib3.connectionpool - DEBUG - https://a3.aliceblueonline.com:443 "POST /rest/AliceBlueAPIService/api/ScripDetails/getScripQuoteDetails HTTP/1.1" 200 None
2022-10-31 13:52:31,338 - WorkflowExecutor - INFO - Starting...
2022-10-31 13:52:31,541 - asyncio - DEBUG - Using selector: EpollSelector
2022-10-31 13:52:31,611 - asyncio - DEBUG - Using selector: EpollSelector
2022-10-31 13:52:31,618 - asyncio - DEBUG - Using selector: EpollSelector
2022-10-31 13:59:44,658 - WorkflowExecutor - INFO - Exiting...
2022-10-31 14:17:22,641 - urllib3.connectionpool - DEBUG - Starting new HTTPS connection (1): a3.aliceblueonline.com:443
2022-10-31 14:17:27,604 - urllib3.connectionpool - DEBUG - https://a3.aliceblueonline.com:443 "GET /rest/AliceBlueAPIService/api/customer/accountDetails HTTP/1.1" 200 None
2022-10-31 14:17:27,606 - root - INFO - Get Account details response {"accountStatus":"Activated","dpType":"CDSL","accountId":"720105","sBrokerName":"ALICEBLUE","product":["NRML","MIS","CNC","CO","BO"],"accountName":"MANUBHAI CHHUTUBHAI DESAI","cellAddr":"9869691938","emailAddr":"DESAIMC41@GMAIL.COM","exchEnabled":"bse_cm|nse_cm|bse_fo|nse_fo|mcx_fo|nse_fo|cde_fo|"}
2022-10-31 14:17:27,606 - root - INFO - Using stored session_id BeaUfTesW7zPVM2jtR8nx277pMr7pYkQsbHZYfL5ajd99n1BxyJpJvxfbd6OuZRVbz0vH2aB2DqXj5osuUGlb2sUppPrUI0JAetgXqeSlEjSF5GxkLFrSEsoTPlnqtZCDUseQd0kAAHnB52eDDh4nB8ndca5PsuYIJtdsKLoxvtctStdpWPXXTBY2EDdX7De11DKt6TgZ6xZor7MfslHG39blNfSrNK5mlc6ZynTOjsarcUMAPUmWdiu7dm8txNQ
2022-10-31 14:17:27,607 - urllib3.connectionpool - DEBUG - Starting new HTTPS connection (1): a3.aliceblueonline.com:443
2022-10-31 14:17:29,464 - urllib3.connectionpool - DEBUG - https://a3.aliceblueonline.com:443 "GET /rest/AliceBlueAPIService/api/customer/accountDetails HTTP/1.1" 200 None
2022-10-31 14:17:29,474 - alice_blue - INFO - Took master contracts from local for exchange: INDICES
2022-10-31 14:17:29,482 - alice_blue - INFO - Took master contracts from local for exchange: BSE
2022-10-31 14:17:29,498 - alice_blue - INFO - Took master contracts from local for exchange: NSE
2022-10-31 14:17:29,668 - alice_blue - INFO - Took master contracts from local for exchange: NFO
2022-10-31 14:17:29,920 - alice_blue - INFO - Took master contracts from local for exchange: MCX
2022-10-31 14:17:30,115 - alice_blue - INFO - Took master contracts from local for exchange: NFO
2022-10-31 14:17:30,426 - alice_blue - INFO - Took master contracts from local for exchange: CDS
2022-10-31 14:17:30,472 - broker - INFO - Fetching NFO data
2022-10-31 14:17:30,489 - urllib3.connectionpool - DEBUG - Starting new HTTPS connection (1): a3.aliceblueonline.com:443
2022-10-31 14:17:32,726 - urllib3.connectionpool - DEBUG - https://a3.aliceblueonline.com:443 "POST /rest/AliceBlueAPIService/api/ScripDetails/getScripQuoteDetails HTTP/1.1" 200 None
2022-10-31 14:17:32,729 - urllib3.connectionpool - DEBUG - Starting new HTTPS connection (1): a3.aliceblueonline.com:443
2022-10-31 14:17:34,776 - urllib3.connectionpool - DEBUG - https://a3.aliceblueonline.com:443 "POST /rest/AliceBlueAPIService/api/ScripDetails/getScripQuoteDetails HTTP/1.1" 200 None
2022-10-31 14:17:34,778 - urllib3.connectionpool - DEBUG - Starting new HTTPS connection (1): a3.aliceblueonline.com:443
2022-10-31 14:17:35,608 - urllib3.connectionpool - DEBUG - https://a3.aliceblueonline.com:443 "POST /rest/AliceBlueAPIService/api/ScripDetails/getScripQuoteDetails HTTP/1.1" 200 None
2022-10-31 14:17:35,610 - urllib3.connectionpool - DEBUG - Starting new HTTPS connection (1): a3.aliceblueonline.com:443
2022-10-31 14:17:36,594 - urllib3.connectionpool - DEBUG - https://a3.aliceblueonline.com:443 "POST /rest/AliceBlueAPIService/api/ScripDetails/getScripQuoteDetails HTTP/1.1" 200 None
2022-10-31 14:17:36,596 - WorkflowExecutor - INFO - Starting...
2022-10-31 14:17:36,838 - asyncio - DEBUG - Using selector: EpollSelector
2022-10-31 14:17:36,929 - asyncio - DEBUG - Using selector: EpollSelector
2022-10-31 14:17:36,938 - asyncio - DEBUG - Using selector: EpollSelector
2022-10-31 14:23:14,427 - WorkflowExecutor - INFO - Exiting...
2022-10-31 14:24:36,316 - urllib3.connectionpool - DEBUG - Starting new HTTPS connection (1): a3.aliceblueonline.com:443
2022-10-31 14:24:37,323 - urllib3.connectionpool - DEBUG - https://a3.aliceblueonline.com:443 "GET /rest/AliceBlueAPIService/api/customer/accountDetails HTTP/1.1" 200 None
2022-10-31 14:24:37,325 - root - INFO - Get Account details response {"accountStatus":"Activated","dpType":"CDSL","accountId":"720105","sBrokerName":"ALICEBLUE","product":["NRML","MIS","CNC","CO","BO"],"accountName":"MANUBHAI CHHUTUBHAI DESAI","cellAddr":"9869691938","emailAddr":"DESAIMC41@GMAIL.COM","exchEnabled":"bse_cm|nse_cm|bse_fo|nse_fo|mcx_fo|nse_fo|cde_fo|"}
2022-10-31 14:24:37,325 - root - INFO - Using stored session_id BeaUfTesW7zPVM2jtR8nx277pMr7pYkQsbHZYfL5ajd99n1BxyJpJvxfbd6OuZRVbz0vH2aB2DqXj5osuUGlb2sUppPrUI0JAetgXqeSlEjSF5GxkLFrSEsoTPlnqtZCDUseQd0kAAHnB52eDDh4nB8ndca5PsuYIJtdsKLoxvtctStdpWPXXTBY2EDdX7De11DKt6TgZ6xZor7MfslHG39blNfSrNK5mlc6ZynTOjsarcUMAPUmWdiu7dm8txNQ
2022-10-31 14:24:37,326 - urllib3.connectionpool - DEBUG - Starting new HTTPS connection (1): a3.aliceblueonline.com:443
2022-10-31 14:24:38,060 - urllib3.connectionpool - DEBUG - https://a3.aliceblueonline.com:443 "GET /rest/AliceBlueAPIService/api/customer/accountDetails HTTP/1.1" 200 None
2022-10-31 14:24:38,084 - alice_blue - INFO - Took master contracts from local for exchange: INDICES
2022-10-31 14:24:38,095 - alice_blue - INFO - Took master contracts from local for exchange: BSE
2022-10-31 14:24:38,111 - alice_blue - INFO - Took master contracts from local for exchange: NSE
2022-10-31 14:24:38,300 - alice_blue - INFO - Took master contracts from local for exchange: NFO
2022-10-31 14:24:38,587 - alice_blue - INFO - Took master contracts from local for exchange: MCX
2022-10-31 14:24:38,804 - alice_blue - INFO - Took master contracts from local for exchange: NFO
2022-10-31 14:24:39,148 - alice_blue - INFO - Took master contracts from local for exchange: CDS
2022-10-31 14:24:39,227 - urllib3.connectionpool - DEBUG - Starting new HTTPS connection (1): a3.aliceblueonline.com:443
2022-10-31 14:24:40,471 - urllib3.connectionpool - DEBUG - https://a3.aliceblueonline.com:443 "POST /rest/AliceBlueAPIService/api/ScripDetails/getScripQuoteDetails HTTP/1.1" 200 None
2022-10-31 14:24:40,474 - urllib3.connectionpool - DEBUG - Starting new HTTPS connection (1): a3.aliceblueonline.com:443
2022-10-31 14:24:41,163 - urllib3.connectionpool - DEBUG - https://a3.aliceblueonline.com:443 "POST /rest/AliceBlueAPIService/api/ScripDetails/getScripQuoteDetails HTTP/1.1" 200 None
2022-10-31 14:24:41,166 - urllib3.connectionpool - DEBUG - Starting new HTTPS connection (1): a3.aliceblueonline.com:443
2022-10-31 14:24:41,936 - urllib3.connectionpool - DEBUG - https://a3.aliceblueonline.com:443 "POST /rest/AliceBlueAPIService/api/ScripDetails/getScripQuoteDetails HTTP/1.1" 200 None
2022-10-31 14:24:41,938 - urllib3.connectionpool - DEBUG - Starting new HTTPS connection (1): a3.aliceblueonline.com:443
2022-10-31 14:24:42,754 - urllib3.connectionpool - DEBUG - https://a3.aliceblueonline.com:443 "POST /rest/AliceBlueAPIService/api/ScripDetails/getScripQuoteDetails HTTP/1.1" 200 None
2022-10-31 14:24:42,756 - WorkflowExecutor - INFO - Starting...
2022-10-31 14:24:43,021 - asyncio - DEBUG - Using selector: EpollSelector
2022-10-31 14:24:43,116 - asyncio - DEBUG - Using selector: EpollSelector
2022-10-31 14:24:43,124 - asyncio - DEBUG - Using selector: EpollSelector
2022-10-31 14:24:47,239 - WorkflowExecutor - INFO - Exiting...
2022-10-31 14:29:14,323 - urllib3.connectionpool - DEBUG - Starting new HTTPS connection (1): a3.aliceblueonline.com:443
2022-10-31 14:29:15,763 - urllib3.connectionpool - DEBUG - https://a3.aliceblueonline.com:443 "GET /rest/AliceBlueAPIService/api/customer/accountDetails HTTP/1.1" 200 None
2022-10-31 14:29:15,765 - root - INFO - Get Account details response {"accountStatus":"Activated","dpType":"CDSL","accountId":"720105","sBrokerName":"ALICEBLUE","product":["NRML","MIS","CNC","CO","BO"],"accountName":"MANUBHAI CHHUTUBHAI DESAI","cellAddr":"9869691938","emailAddr":"DESAIMC41@GMAIL.COM","exchEnabled":"bse_cm|nse_cm|bse_fo|nse_fo|mcx_fo|nse_fo|cde_fo|"}
2022-10-31 14:29:15,765 - root - INFO - Using stored session_id BeaUfTesW7zPVM2jtR8nx277pMr7pYkQsbHZYfL5ajd99n1BxyJpJvxfbd6OuZRVbz0vH2aB2DqXj5osuUGlb2sUppPrUI0JAetgXqeSlEjSF5GxkLFrSEsoTPlnqtZCDUseQd0kAAHnB52eDDh4nB8ndca5PsuYIJtdsKLoxvtctStdpWPXXTBY2EDdX7De11DKt6TgZ6xZor7MfslHG39blNfSrNK5mlc6ZynTOjsarcUMAPUmWdiu7dm8txNQ
2022-10-31 14:29:15,766 - urllib3.connectionpool - DEBUG - Starting new HTTPS connection (1): a3.aliceblueonline.com:443
2022-10-31 14:29:16,682 - urllib3.connectionpool - DEBUG - https://a3.aliceblueonline.com:443 "GET /rest/AliceBlueAPIService/api/customer/accountDetails HTTP/1.1" 200 None
2022-10-31 14:29:16,690 - alice_blue - INFO - Took master contracts from local for exchange: INDICES
2022-10-31 14:29:16,696 - alice_blue - INFO - Took master contracts from local for exchange: BSE
2022-10-31 14:29:16,707 - alice_blue - INFO - Took master contracts from local for exchange: NSE
2022-10-31 14:29:16,845 - alice_blue - INFO - Took master contracts from local for exchange: NFO
2022-10-31 14:29:17,051 - alice_blue - INFO - Took master contracts from local for exchange: MCX
2022-10-31 14:29:17,215 - alice_blue - INFO - Took master contracts from local for exchange: NFO
2022-10-31 14:29:17,470 - alice_blue - INFO - Took master contracts from local for exchange: CDS
2022-10-31 14:29:17,529 - urllib3.connectionpool - DEBUG - Starting new HTTPS connection (1): a3.aliceblueonline.com:443
2022-10-31 14:29:18,730 - urllib3.connectionpool - DEBUG - https://a3.aliceblueonline.com:443 "POST /rest/AliceBlueAPIService/api/ScripDetails/getScripQuoteDetails HTTP/1.1" 200 None
2022-10-31 14:29:18,732 - urllib3.connectionpool - DEBUG - Starting new HTTPS connection (1): a3.aliceblueonline.com:443
2022-10-31 14:29:20,370 - urllib3.connectionpool - DEBUG - https://a3.aliceblueonline.com:443 "POST /rest/AliceBlueAPIService/api/ScripDetails/getScripQuoteDetails HTTP/1.1" 200 None
2022-10-31 14:29:20,372 - urllib3.connectionpool - DEBUG - Starting new HTTPS connection (1): a3.aliceblueonline.com:443
2022-10-31 14:29:21,185 - urllib3.connectionpool - DEBUG - https://a3.aliceblueonline.com:443 "POST /rest/AliceBlueAPIService/api/ScripDetails/getScripQuoteDetails HTTP/1.1" 200 None
2022-10-31 14:29:21,187 - urllib3.connectionpool - DEBUG - Starting new HTTPS connection (1): a3.aliceblueonline.com:443
2022-10-31 14:29:22,110 - urllib3.connectionpool - DEBUG - https://a3.aliceblueonline.com:443 "POST /rest/AliceBlueAPIService/api/ScripDetails/getScripQuoteDetails HTTP/1.1" 200 None
2022-10-31 14:29:22,112 - WorkflowExecutor - INFO - Starting...
2022-10-31 14:29:22,304 - asyncio - DEBUG - Using selector: EpollSelector
2022-10-31 14:29:22,373 - asyncio - DEBUG - Using selector: EpollSelector
2022-10-31 14:29:22,380 - asyncio - DEBUG - Using selector: EpollSelector
2022-10-31 14:29:41,594 - WorkflowExecutor - INFO - Exiting...
2022-10-31 14:30:08,569 - urllib3.connectionpool - DEBUG - Starting new HTTPS connection (1): a3.aliceblueonline.com:443
2022-10-31 14:30:10,122 - urllib3.connectionpool - DEBUG - https://a3.aliceblueonline.com:443 "GET /rest/AliceBlueAPIService/api/customer/accountDetails HTTP/1.1" 200 None
2022-10-31 14:30:10,124 - root - INFO - Get Account details response {"accountStatus":"Activated","dpType":"CDSL","accountId":"720105","sBrokerName":"ALICEBLUE","product":["NRML","MIS","CNC","CO","BO"],"accountName":"MANUBHAI CHHUTUBHAI DESAI","cellAddr":"9869691938","emailAddr":"DESAIMC41@GMAIL.COM","exchEnabled":"bse_cm|nse_cm|bse_fo|nse_fo|mcx_fo|nse_fo|cde_fo|"}
2022-10-31 14:30:10,124 - root - INFO - Using stored session_id BeaUfTesW7zPVM2jtR8nx277pMr7pYkQsbHZYfL5ajd99n1BxyJpJvxfbd6OuZRVbz0vH2aB2DqXj5osuUGlb2sUppPrUI0JAetgXqeSlEjSF5GxkLFrSEsoTPlnqtZCDUseQd0kAAHnB52eDDh4nB8ndca5PsuYIJtdsKLoxvtctStdpWPXXTBY2EDdX7De11DKt6TgZ6xZor7MfslHG39blNfSrNK5mlc6ZynTOjsarcUMAPUmWdiu7dm8txNQ
2022-10-31 14:30:10,125 - urllib3.connectionpool - DEBUG - Starting new HTTPS connection (1): a3.aliceblueonline.com:443
2022-10-31 14:30:11,146 - urllib3.connectionpool - DEBUG - https://a3.aliceblueonline.com:443 "GET /rest/AliceBlueAPIService/api/customer/accountDetails HTTP/1.1" 200 None
2022-10-31 14:30:11,155 - alice_blue - INFO - Took master contracts from local for exchange: INDICES
2022-10-31 14:30:11,164 - alice_blue - INFO - Took master contracts from local for exchange: BSE
2022-10-31 14:30:11,179 - alice_blue - INFO - Took master contracts from local for exchange: NSE
2022-10-31 14:30:11,349 - alice_blue - INFO - Took master contracts from local for exchange: NFO
2022-10-31 14:30:11,607 - alice_blue - INFO - Took master contracts from local for exchange: MCX
2022-10-31 14:30:11,801 - alice_blue - INFO - Took master contracts from local for exchange: NFO
2022-10-31 14:30:12,112 - alice_blue - INFO - Took master contracts from local for exchange: CDS
2022-10-31 14:30:12,183 - urllib3.connectionpool - DEBUG - Starting new HTTPS connection (1): a3.aliceblueonline.com:443
2022-10-31 14:30:14,422 - urllib3.connectionpool - DEBUG - https://a3.aliceblueonline.com:443 "POST /rest/AliceBlueAPIService/api/ScripDetails/getScripQuoteDetails HTTP/1.1" 200 None
2022-10-31 14:30:14,425 - urllib3.connectionpool - DEBUG - Starting new HTTPS connection (1): a3.aliceblueonline.com:443
2022-10-31 14:30:16,981 - urllib3.connectionpool - DEBUG - https://a3.aliceblueonline.com:443 "POST /rest/AliceBlueAPIService/api/ScripDetails/getScripQuoteDetails HTTP/1.1" 200 None
2022-10-31 14:30:16,984 - urllib3.connectionpool - DEBUG - Starting new HTTPS connection (1): a3.aliceblueonline.com:443
2022-10-31 14:30:18,100 - urllib3.connectionpool - DEBUG - https://a3.aliceblueonline.com:443 "POST /rest/AliceBlueAPIService/api/ScripDetails/getScripQuoteDetails HTTP/1.1" 200 None
2022-10-31 14:30:18,103 - urllib3.connectionpool - DEBUG - Starting new HTTPS connection (1): a3.aliceblueonline.com:443
2022-10-31 14:30:19,229 - urllib3.connectionpool - DEBUG - https://a3.aliceblueonline.com:443 "POST /rest/AliceBlueAPIService/api/ScripDetails/getScripQuoteDetails HTTP/1.1" 200 None
2022-10-31 14:30:19,231 - WorkflowExecutor - INFO - 












Starting...




2022-10-31 14:30:19,466 - asyncio - DEBUG - Using selector: EpollSelector
2022-10-31 14:30:19,554 - asyncio - DEBUG - Using selector: EpollSelector
2022-10-31 14:30:19,563 - asyncio - DEBUG - Using selector: EpollSelector
2022-10-31 14:30:22,254 - WorkflowExecutor - INFO - 



Exiting...













2022-10-31 14:30:24,664 - urllib3.connectionpool - DEBUG - Starting new HTTPS connection (1): a3.aliceblueonline.com:443
2022-10-31 14:30:25,570 - urllib3.connectionpool - DEBUG - https://a3.aliceblueonline.com:443 "GET /rest/AliceBlueAPIService/api/customer/accountDetails HTTP/1.1" 200 None
2022-10-31 14:30:25,572 - root - INFO - Get Account details response {"accountStatus":"Activated","dpType":"CDSL","accountId":"720105","sBrokerName":"ALICEBLUE","product":["NRML","MIS","CNC","CO","BO"],"accountName":"MANUBHAI CHHUTUBHAI DESAI","cellAddr":"9869691938","emailAddr":"DESAIMC41@GMAIL.COM","exchEnabled":"bse_cm|nse_cm|bse_fo|nse_fo|mcx_fo|nse_fo|cde_fo|"}
2022-10-31 14:30:25,572 - root - INFO - Using stored session_id BeaUfTesW7zPVM2jtR8nx277pMr7pYkQsbHZYfL5ajd99n1BxyJpJvxfbd6OuZRVbz0vH2aB2DqXj5osuUGlb2sUppPrUI0JAetgXqeSlEjSF5GxkLFrSEsoTPlnqtZCDUseQd0kAAHnB52eDDh4nB8ndca5PsuYIJtdsKLoxvtctStdpWPXXTBY2EDdX7De11DKt6TgZ6xZor7MfslHG39blNfSrNK5mlc6ZynTOjsarcUMAPUmWdiu7dm8txNQ
2022-10-31 14:30:25,573 - urllib3.connectionpool - DEBUG - Starting new HTTPS connection (1): a3.aliceblueonline.com:443
2022-10-31 14:30:27,313 - urllib3.connectionpool - DEBUG - https://a3.aliceblueonline.com:443 "GET /rest/AliceBlueAPIService/api/customer/accountDetails HTTP/1.1" 200 None
2022-10-31 14:30:27,323 - alice_blue - INFO - Took master contracts from local for exchange: INDICES
2022-10-31 14:30:27,331 - alice_blue - INFO - Took master contracts from local for exchange: BSE
2022-10-31 14:30:27,349 - alice_blue - INFO - Took master contracts from local for exchange: NSE
2022-10-31 14:30:27,530 - alice_blue - INFO - Took master contracts from local for exchange: NFO
2022-10-31 14:30:27,792 - alice_blue - INFO - Took master contracts from local for exchange: MCX
2022-10-31 14:30:27,980 - alice_blue - INFO - Took master contracts from local for exchange: NFO
2022-10-31 14:30:28,278 - alice_blue - INFO - Took master contracts from local for exchange: CDS
2022-10-31 14:30:28,339 - urllib3.connectionpool - DEBUG - Starting new HTTPS connection (1): a3.aliceblueonline.com:443
2022-10-31 14:30:30,076 - urllib3.connectionpool - DEBUG - https://a3.aliceblueonline.com:443 "POST /rest/AliceBlueAPIService/api/ScripDetails/getScripQuoteDetails HTTP/1.1" 200 None
2022-10-31 14:30:30,078 - urllib3.connectionpool - DEBUG - Starting new HTTPS connection (1): a3.aliceblueonline.com:443
2022-10-31 14:30:31,308 - urllib3.connectionpool - DEBUG - https://a3.aliceblueonline.com:443 "POST /rest/AliceBlueAPIService/api/ScripDetails/getScripQuoteDetails HTTP/1.1" 200 None
2022-10-31 14:30:31,310 - urllib3.connectionpool - DEBUG - Starting new HTTPS connection (1): a3.aliceblueonline.com:443
2022-10-31 14:30:32,687 - urllib3.connectionpool - DEBUG - https://a3.aliceblueonline.com:443 "POST /rest/AliceBlueAPIService/api/ScripDetails/getScripQuoteDetails HTTP/1.1" 200 None
2022-10-31 14:30:32,689 - urllib3.connectionpool - DEBUG - Starting new HTTPS connection (1): a3.aliceblueonline.com:443
2022-10-31 14:30:34,068 - urllib3.connectionpool - DEBUG - https://a3.aliceblueonline.com:443 "POST /rest/AliceBlueAPIService/api/ScripDetails/getScripQuoteDetails HTTP/1.1" 200 None
2022-10-31 14:30:34,069 - WorkflowExecutor - INFO - 












Starting...




2022-10-31 14:30:34,262 - asyncio - DEBUG - Using selector: EpollSelector
2022-10-31 14:30:34,330 - asyncio - DEBUG - Using selector: EpollSelector
2022-10-31 14:30:34,337 - asyncio - DEBUG - Using selector: EpollSelector
2022-10-31 14:31:22,320 - WorkflowExecutor - INFO - 



Exiting...













2022-10-31 14:31:24,923 - WorkflowExecutor - INFO - 












Starting...




2022-10-31 14:31:25,112 - urllib3.connectionpool - DEBUG - Starting new HTTPS connection (1): a3.aliceblueonline.com:443
2022-10-31 14:31:25,816 - urllib3.connectionpool - DEBUG - https://a3.aliceblueonline.com:443 "GET /rest/AliceBlueAPIService/api/customer/accountDetails HTTP/1.1" 200 None
2022-10-31 14:31:25,817 - root - INFO - Get Account details response {"accountStatus":"Activated","dpType":"CDSL","accountId":"720105","sBrokerName":"ALICEBLUE","product":["NRML","MIS","CNC","CO","BO"],"accountName":"MANUBHAI CHHUTUBHAI DESAI","cellAddr":"9869691938","emailAddr":"DESAIMC41@GMAIL.COM","exchEnabled":"bse_cm|nse_cm|bse_fo|nse_fo|mcx_fo|nse_fo|cde_fo|"}
2022-10-31 14:31:25,817 - root - INFO - Using stored session_id BeaUfTesW7zPVM2jtR8nx277pMr7pYkQsbHZYfL5ajd99n1BxyJpJvxfbd6OuZRVbz0vH2aB2DqXj5osuUGlb2sUppPrUI0JAetgXqeSlEjSF5GxkLFrSEsoTPlnqtZCDUseQd0kAAHnB52eDDh4nB8ndca5PsuYIJtdsKLoxvtctStdpWPXXTBY2EDdX7De11DKt6TgZ6xZor7MfslHG39blNfSrNK5mlc6ZynTOjsarcUMAPUmWdiu7dm8txNQ
2022-10-31 14:31:25,818 - urllib3.connectionpool - DEBUG - Starting new HTTPS connection (1): a3.aliceblueonline.com:443
2022-10-31 14:31:26,726 - urllib3.connectionpool - DEBUG - https://a3.aliceblueonline.com:443 "GET /rest/AliceBlueAPIService/api/customer/accountDetails HTTP/1.1" 200 None
2022-10-31 14:31:26,734 - alice_blue - INFO - Took master contracts from local for exchange: INDICES
2022-10-31 14:31:26,740 - alice_blue - INFO - Took master contracts from local for exchange: BSE
2022-10-31 14:31:26,752 - alice_blue - INFO - Took master contracts from local for exchange: NSE
2022-10-31 14:31:26,889 - alice_blue - INFO - Took master contracts from local for exchange: NFO
2022-10-31 14:31:27,095 - alice_blue - INFO - Took master contracts from local for exchange: MCX
2022-10-31 14:31:27,257 - alice_blue - INFO - Took master contracts from local for exchange: NFO
2022-10-31 14:31:27,518 - alice_blue - INFO - Took master contracts from local for exchange: CDS
2022-10-31 14:31:27,577 - urllib3.connectionpool - DEBUG - Starting new HTTPS connection (1): a3.aliceblueonline.com:443
2022-10-31 14:31:29,035 - urllib3.connectionpool - DEBUG - https://a3.aliceblueonline.com:443 "POST /rest/AliceBlueAPIService/api/ScripDetails/getScripQuoteDetails HTTP/1.1" 200 None
2022-10-31 14:31:29,037 - urllib3.connectionpool - DEBUG - Starting new HTTPS connection (1): a3.aliceblueonline.com:443
2022-10-31 14:31:30,170 - urllib3.connectionpool - DEBUG - https://a3.aliceblueonline.com:443 "POST /rest/AliceBlueAPIService/api/ScripDetails/getScripQuoteDetails HTTP/1.1" 200 None
2022-10-31 14:31:30,172 - urllib3.connectionpool - DEBUG - Starting new HTTPS connection (1): a3.aliceblueonline.com:443
2022-10-31 14:31:31,001 - urllib3.connectionpool - DEBUG - https://a3.aliceblueonline.com:443 "POST /rest/AliceBlueAPIService/api/ScripDetails/getScripQuoteDetails HTTP/1.1" 200 None
2022-10-31 14:31:31,004 - urllib3.connectionpool - DEBUG - Starting new HTTPS connection (1): a3.aliceblueonline.com:443
2022-10-31 14:31:32,716 - urllib3.connectionpool - DEBUG - https://a3.aliceblueonline.com:443 "POST /rest/AliceBlueAPIService/api/ScripDetails/getScripQuoteDetails HTTP/1.1" 200 None
2022-10-31 14:31:32,910 - asyncio - DEBUG - Using selector: EpollSelector
2022-10-31 14:31:32,978 - asyncio - DEBUG - Using selector: EpollSelector
2022-10-31 14:31:32,985 - asyncio - DEBUG - Using selector: EpollSelector
2022-10-31 14:32:41,645 - WorkflowExecutor - INFO - 



Exiting...













2022-10-31 14:33:36,399 - WorkflowExecutor - INFO - 

















2022-10-31 14:33:36,399 - WorkflowExecutor - INFO - Starting...
2022-10-31 14:33:36,588 - urllib3.connectionpool - DEBUG - Starting new HTTPS connection (1): a3.aliceblueonline.com:443
2022-10-31 14:33:38,663 - urllib3.connectionpool - DEBUG - https://a3.aliceblueonline.com:443 "GET /rest/AliceBlueAPIService/api/customer/accountDetails HTTP/1.1" 200 None
2022-10-31 14:33:38,665 - root - INFO - Get Account details response {"accountStatus":"Activated","dpType":"CDSL","accountId":"720105","sBrokerName":"ALICEBLUE","product":["NRML","MIS","CNC","CO","BO"],"accountName":"MANUBHAI CHHUTUBHAI DESAI","cellAddr":"9869691938","emailAddr":"DESAIMC41@GMAIL.COM","exchEnabled":"bse_cm|nse_cm|bse_fo|nse_fo|mcx_fo|nse_fo|cde_fo|"}
2022-10-31 14:33:38,665 - root - INFO - Using stored session_id BeaUfTesW7zPVM2jtR8nx277pMr7pYkQsbHZYfL5ajd99n1BxyJpJvxfbd6OuZRVbz0vH2aB2DqXj5osuUGlb2sUppPrUI0JAetgXqeSlEjSF5GxkLFrSEsoTPlnqtZCDUseQd0kAAHnB52eDDh4nB8ndca5PsuYIJtdsKLoxvtctStdpWPXXTBY2EDdX7De11DKt6TgZ6xZor7MfslHG39blNfSrNK5mlc6ZynTOjsarcUMAPUmWdiu7dm8txNQ
2022-10-31 14:33:38,666 - urllib3.connectionpool - DEBUG - Starting new HTTPS connection (1): a3.aliceblueonline.com:443
2022-10-31 14:33:40,492 - urllib3.connectionpool - DEBUG - https://a3.aliceblueonline.com:443 "GET /rest/AliceBlueAPIService/api/customer/accountDetails HTTP/1.1" 200 None
2022-10-31 14:33:40,499 - alice_blue - INFO - Took master contracts from local for exchange: INDICES
2022-10-31 14:33:40,506 - alice_blue - INFO - Took master contracts from local for exchange: BSE
2022-10-31 14:33:40,517 - alice_blue - INFO - Took master contracts from local for exchange: NSE
2022-10-31 14:33:40,656 - alice_blue - INFO - Took master contracts from local for exchange: NFO
2022-10-31 14:33:40,865 - alice_blue - INFO - Took master contracts from local for exchange: MCX
2022-10-31 14:33:41,030 - alice_blue - INFO - Took master contracts from local for exchange: NFO
2022-10-31 14:33:41,286 - alice_blue - INFO - Took master contracts from local for exchange: CDS
2022-10-31 14:33:41,345 - urllib3.connectionpool - DEBUG - Starting new HTTPS connection (1): a3.aliceblueonline.com:443
2022-10-31 14:33:42,316 - urllib3.connectionpool - DEBUG - https://a3.aliceblueonline.com:443 "POST /rest/AliceBlueAPIService/api/ScripDetails/getScripQuoteDetails HTTP/1.1" 200 None
2022-10-31 14:33:42,318 - urllib3.connectionpool - DEBUG - Starting new HTTPS connection (1): a3.aliceblueonline.com:443
2022-10-31 14:33:42,976 - urllib3.connectionpool - DEBUG - https://a3.aliceblueonline.com:443 "POST /rest/AliceBlueAPIService/api/ScripDetails/getScripQuoteDetails HTTP/1.1" 200 None
2022-10-31 14:33:42,978 - urllib3.connectionpool - DEBUG - Starting new HTTPS connection (1): a3.aliceblueonline.com:443
2022-10-31 14:33:44,326 - urllib3.connectionpool - DEBUG - https://a3.aliceblueonline.com:443 "POST /rest/AliceBlueAPIService/api/ScripDetails/getScripQuoteDetails HTTP/1.1" 200 None
2022-10-31 14:33:44,328 - urllib3.connectionpool - DEBUG - Starting new HTTPS connection (1): a3.aliceblueonline.com:443
2022-10-31 14:33:45,772 - urllib3.connectionpool - DEBUG - https://a3.aliceblueonline.com:443 "POST /rest/AliceBlueAPIService/api/ScripDetails/getScripQuoteDetails HTTP/1.1" 200 None
2022-10-31 14:33:45,972 - asyncio - DEBUG - Using selector: EpollSelector
2022-10-31 14:33:46,042 - asyncio - DEBUG - Using selector: EpollSelector
2022-10-31 14:33:46,049 - asyncio - DEBUG - Using selector: EpollSelector
2022-10-31 14:35:02,328 - WorkflowExecutor - INFO - 

















2022-10-31 14:35:02,328 - WorkflowExecutor - INFO - Exited...
2022-10-31 14:35:16,175 - WorkflowExecutor - INFO - 

















2022-10-31 14:35:16,175 - WorkflowExecutor - INFO - Starting...
2022-10-31 14:35:16,367 - urllib3.connectionpool - DEBUG - Starting new HTTPS connection (1): a3.aliceblueonline.com:443
2022-10-31 14:35:17,170 - urllib3.connectionpool - DEBUG - https://a3.aliceblueonline.com:443 "GET /rest/AliceBlueAPIService/api/customer/accountDetails HTTP/1.1" 200 None
2022-10-31 14:35:17,171 - root - INFO - Get Account details response {"accountStatus":"Activated","dpType":"CDSL","accountId":"720105","sBrokerName":"ALICEBLUE","product":["NRML","MIS","CNC","CO","BO"],"accountName":"MANUBHAI CHHUTUBHAI DESAI","cellAddr":"9869691938","emailAddr":"DESAIMC41@GMAIL.COM","exchEnabled":"bse_cm|nse_cm|bse_fo|nse_fo|mcx_fo|nse_fo|cde_fo|"}
2022-10-31 14:35:17,171 - root - INFO - Using stored session_id BeaUfTesW7zPVM2jtR8nx277pMr7pYkQsbHZYfL5ajd99n1BxyJpJvxfbd6OuZRVbz0vH2aB2DqXj5osuUGlb2sUppPrUI0JAetgXqeSlEjSF5GxkLFrSEsoTPlnqtZCDUseQd0kAAHnB52eDDh4nB8ndca5PsuYIJtdsKLoxvtctStdpWPXXTBY2EDdX7De11DKt6TgZ6xZor7MfslHG39blNfSrNK5mlc6ZynTOjsarcUMAPUmWdiu7dm8txNQ
2022-10-31 14:35:17,172 - urllib3.connectionpool - DEBUG - Starting new HTTPS connection (1): a3.aliceblueonline.com:443
2022-10-31 14:35:17,857 - urllib3.connectionpool - DEBUG - https://a3.aliceblueonline.com:443 "GET /rest/AliceBlueAPIService/api/customer/accountDetails HTTP/1.1" 200 None
2022-10-31 14:35:17,864 - alice_blue - INFO - Took master contracts from local for exchange: INDICES
2022-10-31 14:35:17,871 - alice_blue - INFO - Took master contracts from local for exchange: BSE
2022-10-31 14:35:17,882 - alice_blue - INFO - Took master contracts from local for exchange: NSE
2022-10-31 14:35:18,021 - alice_blue - INFO - Took master contracts from local for exchange: NFO
2022-10-31 14:35:18,229 - alice_blue - INFO - Took master contracts from local for exchange: MCX
2022-10-31 14:35:18,395 - alice_blue - INFO - Took master contracts from local for exchange: NFO
2022-10-31 14:35:18,655 - alice_blue - INFO - Took master contracts from local for exchange: CDS
2022-10-31 14:35:18,715 - urllib3.connectionpool - DEBUG - Starting new HTTPS connection (1): a3.aliceblueonline.com:443
2022-10-31 14:35:20,149 - urllib3.connectionpool - DEBUG - https://a3.aliceblueonline.com:443 "POST /rest/AliceBlueAPIService/api/ScripDetails/getScripQuoteDetails HTTP/1.1" 200 None
2022-10-31 14:35:20,152 - urllib3.connectionpool - DEBUG - Starting new HTTPS connection (1): a3.aliceblueonline.com:443
2022-10-31 14:35:21,412 - urllib3.connectionpool - DEBUG - https://a3.aliceblueonline.com:443 "POST /rest/AliceBlueAPIService/api/ScripDetails/getScripQuoteDetails HTTP/1.1" 200 None
2022-10-31 14:35:21,415 - urllib3.connectionpool - DEBUG - Starting new HTTPS connection (1): a3.aliceblueonline.com:443
2022-10-31 14:35:22,271 - urllib3.connectionpool - DEBUG - https://a3.aliceblueonline.com:443 "POST /rest/AliceBlueAPIService/api/ScripDetails/getScripQuoteDetails HTTP/1.1" 200 None
2022-10-31 14:35:22,274 - urllib3.connectionpool - DEBUG - Starting new HTTPS connection (1): a3.aliceblueonline.com:443
2022-10-31 14:35:23,606 - urllib3.connectionpool - DEBUG - https://a3.aliceblueonline.com:443 "POST /rest/AliceBlueAPIService/api/ScripDetails/getScripQuoteDetails HTTP/1.1" 200 None
2022-10-31 14:35:23,807 - asyncio - DEBUG - Using selector: EpollSelector
2022-10-31 14:35:23,877 - asyncio - DEBUG - Using selector: EpollSelector
2022-10-31 14:35:23,884 - asyncio - DEBUG - Using selector: EpollSelector
2022-10-31 14:35:26,089 - WorkflowExecutor - INFO - Exited...
2022-10-31 14:35:26,089 - WorkflowExecutor - INFO - 

















2022-10-31 14:50:13,738 - WorkflowExecutor - INFO - 

















2022-10-31 14:50:13,738 - WorkflowExecutor - INFO - Starting...
2022-10-31 14:50:13,927 - urllib3.connectionpool - DEBUG - Starting new HTTPS connection (1): a3.aliceblueonline.com:443
2022-10-31 14:50:15,760 - urllib3.connectionpool - DEBUG - https://a3.aliceblueonline.com:443 "GET /rest/AliceBlueAPIService/api/customer/accountDetails HTTP/1.1" 200 None
2022-10-31 14:50:15,761 - root - INFO - Get Account details response {"accountStatus":"Activated","dpType":"CDSL","accountId":"720105","sBrokerName":"ALICEBLUE","product":["NRML","MIS","CNC","CO","BO"],"accountName":"MANUBHAI CHHUTUBHAI DESAI","cellAddr":"9869691938","emailAddr":"DESAIMC41@GMAIL.COM","exchEnabled":"bse_cm|nse_cm|bse_fo|nse_fo|mcx_fo|nse_fo|cde_fo|"}
2022-10-31 14:50:15,761 - root - INFO - Using stored session_id BeaUfTesW7zPVM2jtR8nx277pMr7pYkQsbHZYfL5ajd99n1BxyJpJvxfbd6OuZRVbz0vH2aB2DqXj5osuUGlb2sUppPrUI0JAetgXqeSlEjSF5GxkLFrSEsoTPlnqtZCDUseQd0kAAHnB52eDDh4nB8ndca5PsuYIJtdsKLoxvtctStdpWPXXTBY2EDdX7De11DKt6TgZ6xZor7MfslHG39blNfSrNK5mlc6ZynTOjsarcUMAPUmWdiu7dm8txNQ
2022-10-31 14:50:15,762 - urllib3.connectionpool - DEBUG - Starting new HTTPS connection (1): a3.aliceblueonline.com:443
2022-10-31 14:50:19,377 - urllib3.connectionpool - DEBUG - https://a3.aliceblueonline.com:443 "GET /rest/AliceBlueAPIService/api/customer/accountDetails HTTP/1.1" 200 None
2022-10-31 14:50:19,385 - alice_blue - INFO - Took master contracts from local for exchange: INDICES
2022-10-31 14:50:19,391 - alice_blue - INFO - Took master contracts from local for exchange: BSE
2022-10-31 14:50:19,403 - alice_blue - INFO - Took master contracts from local for exchange: NSE
2022-10-31 14:50:19,541 - alice_blue - INFO - Took master contracts from local for exchange: NFO
2022-10-31 14:50:19,755 - alice_blue - INFO - Took master contracts from local for exchange: MCX
2022-10-31 14:50:19,918 - alice_blue - INFO - Took master contracts from local for exchange: NFO
2022-10-31 14:50:20,184 - alice_blue - INFO - Took master contracts from local for exchange: CDS
2022-10-31 14:50:20,243 - urllib3.connectionpool - DEBUG - Starting new HTTPS connection (1): a3.aliceblueonline.com:443
2022-10-31 14:50:21,875 - urllib3.connectionpool - DEBUG - https://a3.aliceblueonline.com:443 "POST /rest/AliceBlueAPIService/api/ScripDetails/getScripQuoteDetails HTTP/1.1" 200 None
2022-10-31 14:50:21,877 - broker - INFO - {'optiontype': 'XX', 'SQty': 1044, 'vwapAveragePrice': '909.73', 'LTQ': '2', 'Ltp': '902.90', 'LTP': '902.90', 'DecimalPrecision': 2, 'openPrice': '908.00', 'BRate': '902.85', 'defmktproval': '3', 'BQty': 48, 'symbolname': 'AXISBANK', 'noMktPro': '0', 'LTT': '31/10/2022 14:50:20', 'mktpro': '1', 'TickSize': '5', 'Multiplier': 1, 'strikeprice': '00.00', 'TotalSell': '687194', 'High': '918.00', 'stat': 'Ok', 'BodLotQty': 1, 'yearlyHighPrice': '919.95', 'yearlyLowPrice': '618.25', 'exchFeedTime': '31-Oct-2022 14:50:21', 'PrvClose': '903.05', 'SRate': '902.90', 'Change': '-00.15', 'Series': 'EQ', 'TotalBuy': '390638', 'Low': '902.10', 'UniqueKey': 'AXISBANK', 'PerChange': '-00.02', 'companyname': 'AXIS BANK LIMITED', 'TradeVolume': '6919157', 'TSymbl': 'AXISBANK-EQ', 'Exp': 'NA', 'LTD': 'NA'}
2022-10-31 14:50:21,878 - urllib3.connectionpool - DEBUG - Starting new HTTPS connection (1): a3.aliceblueonline.com:443
2022-10-31 14:50:23,111 - urllib3.connectionpool - DEBUG - https://a3.aliceblueonline.com:443 "POST /rest/AliceBlueAPIService/api/ScripDetails/getScripQuoteDetails HTTP/1.1" 200 None
2022-10-31 14:50:23,113 - urllib3.connectionpool - DEBUG - Starting new HTTPS connection (1): a3.aliceblueonline.com:443
2022-10-31 14:50:24,980 - urllib3.connectionpool - DEBUG - https://a3.aliceblueonline.com:443 "POST /rest/AliceBlueAPIService/api/ScripDetails/getScripQuoteDetails HTTP/1.1" 200 None
2022-10-31 14:50:24,982 - broker - INFO - {'optiontype': 'CE', 'SQty': 3600, 'vwapAveragePrice': '25.82', 'LTQ': '2400', 'Ltp': '22.45', 'LTP': '22.45', 'DecimalPrecision': 2, 'openPrice': '27.35', 'BRate': '22.45', 'defmktproval': '3', 'BQty': 2400, 'symbolname': 'AXISBANK', 'noMktPro': '0', 'LTT': '31/10/2022 14:50:05', 'mktpro': '1', 'TickSize': '5', 'Multiplier': 1, 'strikeprice': '910.00', 'TotalSell': '318000', 'High': '30.35', 'stat': 'Ok', 'BodLotQty': 1200, 'yearlyHighPrice': '30.35', 'yearlyLowPrice': '00.00', 'exchFeedTime': '31-Oct-2022 14:50:20', 'PrvClose': '24.95', 'SRate': '22.60', 'Change': '-02.50', 'Series': 'XX', 'TotalBuy': '230400', 'Low': '22.15', 'UniqueKey': 'NA', 'PerChange': '-10.02', 'companyname': '', 'TradeVolume': '2164800', 'TSymbl': 'AXISBANK22NOV910CE', 'Exp': '24 Nov, 2022', 'LTD': 'NA'}
2022-10-31 14:50:24,983 - urllib3.connectionpool - DEBUG - Starting new HTTPS connection (1): a3.aliceblueonline.com:443
2022-10-31 14:50:26,903 - WorkflowExecutor - INFO - 

















2022-10-31 14:50:26,903 - WorkflowExecutor - INFO - Starting...
2022-10-31 14:50:31,920 - root - INFO - Get Account details response {"accountStatus":"Activated","dpType":"CDSL","accountId":"720105","sBrokerName":"ALICEBLUE","product":["NRML","MIS","CNC","CO","BO"],"accountName":"MANUBHAI CHHUTUBHAI DESAI","cellAddr":"9869691938","emailAddr":"DESAIMC41@GMAIL.COM","exchEnabled":"bse_cm|nse_cm|bse_fo|nse_fo|mcx_fo|nse_fo|cde_fo|"}
2022-10-31 14:50:31,920 - root - INFO - Using stored session_id BeaUfTesW7zPVM2jtR8nx277pMr7pYkQsbHZYfL5ajd99n1BxyJpJvxfbd6OuZRVbz0vH2aB2DqXj5osuUGlb2sUppPrUI0JAetgXqeSlEjSF5GxkLFrSEsoTPlnqtZCDUseQd0kAAHnB52eDDh4nB8ndca5PsuYIJtdsKLoxvtctStdpWPXXTBY2EDdX7De11DKt6TgZ6xZor7MfslHG39blNfSrNK5mlc6ZynTOjsarcUMAPUmWdiu7dm8txNQ
2022-10-31 14:50:33,874 - alice_blue - INFO - Took master contracts from local for exchange: INDICES
2022-10-31 14:50:33,880 - alice_blue - INFO - Took master contracts from local for exchange: BSE
2022-10-31 14:50:33,892 - alice_blue - INFO - Took master contracts from local for exchange: NSE
2022-10-31 14:50:34,031 - alice_blue - INFO - Took master contracts from local for exchange: NFO
2022-10-31 14:50:34,241 - alice_blue - INFO - Took master contracts from local for exchange: MCX
2022-10-31 14:50:34,403 - alice_blue - INFO - Took master contracts from local for exchange: NFO
2022-10-31 14:50:34,663 - alice_blue - INFO - Took master contracts from local for exchange: CDS
2022-10-31 14:50:36,947 - broker - INFO - {'optiontype': 'XX', 'SQty': 611, 'vwapAveragePrice': '909.73', 'LTQ': '1', 'Ltp': '903.45', 'LTP': '903.45', 'DecimalPrecision': 2, 'openPrice': '908.00', 'BRate': '903.25', 'defmktproval': '3', 'BQty': 53, 'symbolname': 'AXISBANK', 'noMktPro': '0', 'LTT': '31/10/2022 14:50:35', 'mktpro': '1', 'TickSize': '5', 'Multiplier': 1, 'strikeprice': '00.00', 'TotalSell': '680796', 'High': '918.00', 'stat': 'Ok', 'BodLotQty': 1, 'yearlyHighPrice': '919.95', 'yearlyLowPrice': '618.25', 'exchFeedTime': '31-Oct-2022 14:50:36', 'PrvClose': '903.05', 'SRate': '903.45', 'Change': '00.40', 'Series': 'EQ', 'TotalBuy': '387459', 'Low': '902.10', 'UniqueKey': 'AXISBANK', 'PerChange': '00.04', 'companyname': 'AXIS BANK LIMITED', 'TradeVolume': '6927246', 'TSymbl': 'AXISBANK-EQ', 'Exp': 'NA', 'LTD': 'NA'}
2022-10-31 14:50:43,386 - broker - INFO - {'optiontype': 'CE', 'SQty': 2400, 'vwapAveragePrice': '25.81', 'LTQ': '1200', 'DecimalPrecision': 2, 'openPrice': '27.35', 'LTP': '22.80', 'Ltp': '22.80', 'BRate': '22.60', 'defmktproval': '3', 'symbolname': 'AXISBANK', 'noMktPro': '0', 'BQty': 3600, 'mktpro': '1', 'LTT': '31/10/2022 14:50:26', 'TickSize': '5', 'Multiplier': 1, 'strikeprice': '910.00', 'TotalSell': '320400', 'High': '30.35', 'stat': 'Ok', 'yearlyLowPrice': '00.00', 'yearlyHighPrice': '30.35', 'exchFeedTime': '31-Oct-2022 14:50:35', 'BodLotQty': 1200, 'PrvClose': '24.95', 'Change': '-02.15', 'SRate': '22.75', 'Series': 'XX', 'TotalBuy': '234000', 'Low': '22.15', 'UniqueKey': 'NA', 'PerChange': '-08.62', 'companyname': '', 'TradeVolume': '2166000', 'TSymbl': 'AXISBANK22NOV910CE', 'Exp': '24 Nov, 2022', 'LTD': 'NA'}
2022-10-31 14:50:46,360 - broker - INFO - {'optiontype': 'PE', 'SQty': 8400, 'vwapAveragePrice': '19.18', 'LTQ': '1200', 'Ltp': '20.80', 'LTP': '20.80', 'DecimalPrecision': 2, 'openPrice': '20.25', 'BRate': '20.65', 'defmktproval': '3', 'BQty': 4800, 'symbolname': 'AXISBANK', 'noMktPro': '0', 'LTT': '31/10/2022 14:50:37', 'mktpro': '1', 'TickSize': '5', 'Multiplier': 1, 'strikeprice': '900.00', 'TotalSell': '464400', 'High': '21.25', 'stat': 'Ok', 'BodLotQty': 1200, 'yearlyHighPrice': '21.25', 'yearlyLowPrice': '00.00', 'exchFeedTime': '31-Oct-2022 14:50:45', 'PrvClose': '22.00', 'SRate': '20.80', 'Change': '-01.20', 'Series': 'XX', 'TotalBuy': '378000', 'Low': '17.00', 'UniqueKey': 'NA', 'PerChange': '-05.45', 'companyname': '', 'TradeVolume': '3289200', 'TSymbl': 'AXISBANK22NOV900PE', 'Exp': '24 Nov, 2022', 'LTD': 'NA'}
2022-10-31 14:50:48,244 - broker - INFO - {'optiontype': 'CE', 'SQty': 1200, 'vwapAveragePrice': '25.81', 'LTQ': '1200', 'DecimalPrecision': 2, 'openPrice': '27.35', 'LTP': '22.80', 'Ltp': '22.80', 'BRate': '22.70', 'defmktproval': '3', 'symbolname': 'AXISBANK', 'noMktPro': '0', 'BQty': 3600, 'mktpro': '1', 'LTT': '31/10/2022 14:50:35', 'TickSize': '5', 'Multiplier': 1, 'strikeprice': '910.00', 'TotalSell': '319200', 'High': '30.35', 'stat': 'Ok', 'yearlyLowPrice': '00.00', 'yearlyHighPrice': '30.35', 'exchFeedTime': '31-Oct-2022 14:50:45', 'BodLotQty': 1200, 'PrvClose': '24.95', 'Change': '-02.15', 'SRate': '22.80', 'Series': 'XX', 'TotalBuy': '230400', 'Low': '22.15', 'UniqueKey': 'NA', 'PerChange': '-08.62', 'companyname': '', 'TradeVolume': '2168400', 'TSymbl': 'AXISBANK22NOV910CE', 'Exp': '24 Nov, 2022', 'LTD': 'NA'}
2022-10-31 14:51:12,774 - WorkflowExecutor - INFO - Exited...
2022-10-31 14:51:12,774 - WorkflowExecutor - INFO - 

















2022-10-31 14:51:14,018 - WorkflowExecutor - INFO - 

















2022-10-31 14:51:14,018 - WorkflowExecutor - INFO - Starting...
2022-10-31 14:51:15,423 - root - INFO - Get Account details response {"accountStatus":"Activated","dpType":"CDSL","accountId":"720105","sBrokerName":"ALICEBLUE","product":["NRML","MIS","CNC","CO","BO"],"accountName":"MANUBHAI CHHUTUBHAI DESAI","cellAddr":"9869691938","emailAddr":"DESAIMC41@GMAIL.COM","exchEnabled":"bse_cm|nse_cm|bse_fo|nse_fo|mcx_fo|nse_fo|cde_fo|"}
2022-10-31 14:51:15,424 - root - INFO - Using stored session_id BeaUfTesW7zPVM2jtR8nx277pMr7pYkQsbHZYfL5ajd99n1BxyJpJvxfbd6OuZRVbz0vH2aB2DqXj5osuUGlb2sUppPrUI0JAetgXqeSlEjSF5GxkLFrSEsoTPlnqtZCDUseQd0kAAHnB52eDDh4nB8ndca5PsuYIJtdsKLoxvtctStdpWPXXTBY2EDdX7De11DKt6TgZ6xZor7MfslHG39blNfSrNK5mlc6ZynTOjsarcUMAPUmWdiu7dm8txNQ
2022-10-31 14:51:19,007 - broker - INFO - {'optiontype': 'XX', 'SQty': 120, 'vwapAveragePrice': '909.71', 'LTQ': '36', 'DecimalPrecision': 2, 'openPrice': '908.00', 'LTP': '903.65', 'Ltp': '903.65', 'BRate': '903.60', 'defmktproval': '3', 'symbolname': 'AXISBANK', 'noMktPro': '0', 'BQty': 1, 'mktpro': '1', 'LTT': '31/10/2022 14:51:17', 'TickSize': '5', 'Multiplier': 1, 'strikeprice': '00.00', 'TotalSell': '678993', 'High': '918.00', 'stat': 'Ok', 'yearlyLowPrice': '618.25', 'yearlyHighPrice': '919.95', 'exchFeedTime': '31-Oct-2022 14:51:18', 'BodLotQty': 1, 'PrvClose': '903.05', 'Change': '00.60', 'SRate': '903.65', 'Series': 'EQ', 'TotalBuy': '394409', 'Low': '902.10', 'UniqueKey': 'AXISBANK', 'PerChange': '00.07', 'companyname': 'AXIS BANK LIMITED', 'TradeVolume': '6949356', 'TSymbl': 'AXISBANK-EQ', 'Exp': 'NA', 'LTD': 'NA'}
2022-10-31 14:51:22,079 - broker - INFO - {'optiontype': 'CE', 'SQty': 2400, 'vwapAveragePrice': '25.81', 'LTQ': '1200', 'Ltp': '22.70', 'LTP': '22.70', 'DecimalPrecision': 2, 'openPrice': '27.35', 'BRate': '22.75', 'defmktproval': '3', 'BQty': 1200, 'symbolname': 'AXISBANK', 'noMktPro': '0', 'LTT': '31/10/2022 14:51:03', 'mktpro': '1', 'TickSize': '5', 'Multiplier': 1, 'strikeprice': '910.00', 'TotalSell': '315600', 'High': '30.35', 'stat': 'Ok', 'BodLotQty': 1200, 'yearlyHighPrice': '30.35', 'yearlyLowPrice': '00.00', 'exchFeedTime': '31-Oct-2022 14:51:21', 'PrvClose': '24.95', 'SRate': '22.85', 'Change': '-02.25', 'Series': 'XX', 'TotalBuy': '229200', 'Low': '22.15', 'UniqueKey': 'NA', 'PerChange': '-09.02', 'companyname': '', 'TradeVolume': '2170800', 'TSymbl': 'AXISBANK22NOV910CE', 'Exp': '24 Nov, 2022', 'LTD': 'NA'}
2022-10-31 14:51:23,785 - broker - INFO - {'optiontype': 'PE', 'SQty': 2400, 'vwapAveragePrice': '19.18', 'LTQ': '1200', 'Ltp': '20.55', 'LTP': '20.55', 'DecimalPrecision': 2, 'openPrice': '20.25', 'BRate': '20.55', 'defmktproval': '3', 'BQty': 1200, 'symbolname': 'AXISBANK', 'noMktPro': '0', 'LTT': '31/10/2022 14:51:11', 'mktpro': '1', 'TickSize': '5', 'Multiplier': 1, 'strikeprice': '900.00', 'TotalSell': '456000', 'High': '21.25', 'stat': 'Ok', 'BodLotQty': 1200, 'yearlyHighPrice': '21.25', 'yearlyLowPrice': '00.00', 'exchFeedTime': '31-Oct-2022 14:51:16', 'PrvClose': '22.00', 'SRate': '20.70', 'Change': '-01.45', 'Series': 'XX', 'TotalBuy': '368400', 'Low': '17.00', 'UniqueKey': 'NA', 'PerChange': '-06.59', 'companyname': '', 'TradeVolume': '3302400', 'TSymbl': 'AXISBANK22NOV900PE', 'Exp': '24 Nov, 2022', 'LTD': 'NA'}
2022-10-31 14:51:25,597 - broker - INFO - {'optiontype': 'CE', 'SQty': 2400, 'vwapAveragePrice': '25.81', 'LTQ': '1200', 'Ltp': '22.70', 'LTP': '22.70', 'DecimalPrecision': 2, 'openPrice': '27.35', 'BRate': '22.75', 'defmktproval': '3', 'BQty': 1200, 'symbolname': 'AXISBANK', 'noMktPro': '0', 'LTT': '31/10/2022 14:51:03', 'mktpro': '1', 'TickSize': '5', 'Multiplier': 1, 'strikeprice': '910.00', 'TotalSell': '315600', 'High': '30.35', 'stat': 'Ok', 'BodLotQty': 1200, 'yearlyHighPrice': '30.35', 'yearlyLowPrice': '00.00', 'exchFeedTime': '31-Oct-2022 14:51:21', 'PrvClose': '24.95', 'SRate': '22.85', 'Change': '-02.25', 'Series': 'XX', 'TotalBuy': '229200', 'Low': '22.15', 'UniqueKey': 'NA', 'PerChange': '-09.02', 'companyname': '', 'TradeVolume': '2170800', 'TSymbl': 'AXISBANK22NOV910CE', 'Exp': '24 Nov, 2022', 'LTD': 'NA'}
2022-10-31 14:53:03,106 - WorkflowExecutor - INFO - Exited...
2022-10-31 14:53:03,106 - WorkflowExecutor - INFO - 

















2022-10-31 14:53:04,828 - WorkflowExecutor - INFO - 

















2022-10-31 14:53:04,828 - WorkflowExecutor - INFO - Starting...
2022-10-31 14:53:10,581 - broker - INFO - {'optiontype': 'XX', 'SQty': 78, 'vwapAveragePrice': '909.68', 'LTQ': '20', 'Ltp': '903.70', 'LTP': '903.70', 'DecimalPrecision': 2, 'openPrice': '908.00', 'BRate': '903.40', 'defmktproval': '3', 'BQty': 295, 'symbolname': 'AXISBANK', 'noMktPro': '0', 'LTT': '31/10/2022 14:53:09', 'mktpro': '1', 'TickSize': '5', 'Multiplier': 1, 'strikeprice': '00.00', 'TotalSell': '678063', 'High': '918.00', 'stat': 'Ok', 'BodLotQty': 1, 'yearlyHighPrice': '919.95', 'yearlyLowPrice': '618.25', 'exchFeedTime': '31-Oct-2022 14:53:09', 'PrvClose': '903.05', 'SRate': '903.70', 'Change': '00.65', 'Series': 'EQ', 'TotalBuy': '410565', 'Low': '902.10', 'UniqueKey': 'AXISBANK', 'PerChange': '00.07', 'companyname': 'AXIS BANK LIMITED', 'TradeVolume': '6981791', 'TSymbl': 'AXISBANK-EQ', 'Exp': 'NA', 'LTD': 'NA'}
2022-10-31 14:53:12,824 - broker - INFO - {'optiontype': 'CE', 'SQty': 2400, 'vwapAveragePrice': '25.79', 'LTQ': '1200', 'Ltp': '22.90', 'LTP': '22.90', 'DecimalPrecision': 2, 'openPrice': '27.35', 'BRate': '22.85', 'defmktproval': '3', 'BQty': 2400, 'symbolname': 'AXISBANK', 'noMktPro': '0', 'LTT': '31/10/2022 14:53:02', 'mktpro': '1', 'TickSize': '5', 'Multiplier': 1, 'strikeprice': '910.00', 'TotalSell': '309600', 'High': '30.35', 'stat': 'Ok', 'BodLotQty': 1200, 'yearlyHighPrice': '30.35', 'yearlyLowPrice': '00.00', 'exchFeedTime': '31-Oct-2022 14:53:04', 'PrvClose': '24.95', 'SRate': '23.00', 'Change': '-02.05', 'Series': 'XX', 'TotalBuy': '234000', 'Low': '22.15', 'UniqueKey': 'NA', 'PerChange': '-08.22', 'companyname': '', 'TradeVolume': '2180400', 'TSymbl': 'AXISBANK22NOV910CE', 'Exp': '24 Nov, 2022', 'LTD': 'NA'}
2022-10-31 14:53:15,485 - broker - INFO - {'optiontype': 'PE', 'SQty': 1200, 'vwapAveragePrice': '19.19', 'LTQ': '1200', 'Ltp': '20.45', 'LTP': '20.45', 'DecimalPrecision': 2, 'openPrice': '20.25', 'BRate': '20.45', 'defmktproval': '3', 'BQty': 1200, 'symbolname': 'AXISBANK', 'noMktPro': '0', 'LTT': '31/10/2022 14:53:08', 'mktpro': '1', 'TickSize': '5', 'Multiplier': 1, 'strikeprice': '900.00', 'TotalSell': '456000', 'High': '21.25', 'stat': 'Ok', 'BodLotQty': 1200, 'yearlyHighPrice': '21.25', 'yearlyLowPrice': '00.00', 'exchFeedTime': '31-Oct-2022 14:53:14', 'PrvClose': '22.00', 'SRate': '20.60', 'Change': '-01.55', 'Series': 'XX', 'TotalBuy': '360000', 'Low': '17.00', 'UniqueKey': 'NA', 'PerChange': '-07.05', 'companyname': '', 'TradeVolume': '3315600', 'TSymbl': 'AXISBANK22NOV900PE', 'Exp': '24 Nov, 2022', 'LTD': 'NA'}
2022-10-31 14:53:17,839 - broker - INFO - {'optiontype': 'CE', 'SQty': 2400, 'vwapAveragePrice': '25.79', 'LTQ': '1200', 'DecimalPrecision': 2, 'openPrice': '27.35', 'LTP': '22.90', 'Ltp': '22.90', 'BRate': '22.75', 'defmktproval': '3', 'symbolname': 'AXISBANK', 'noMktPro': '0', 'BQty': 4800, 'mktpro': '1', 'LTT': '31/10/2022 14:53:04', 'TickSize': '5', 'Multiplier': 1, 'strikeprice': '910.00', 'TotalSell': '307200', 'High': '30.35', 'stat': 'Ok', 'yearlyLowPrice': '00.00', 'yearlyHighPrice': '30.35', 'exchFeedTime': '31-Oct-2022 14:53:14', 'BodLotQty': 1200, 'PrvClose': '24.95', 'Change': '-02.05', 'SRate': '22.90', 'Series': 'XX', 'TotalBuy': '226800', 'Low': '22.15', 'UniqueKey': 'NA', 'PerChange': '-08.22', 'companyname': '', 'TradeVolume': '2181600', 'TSymbl': 'AXISBANK22NOV910CE', 'Exp': '24 Nov, 2022', 'LTD': 'NA'}
2022-10-31 14:53:22,374 - WorkflowExecutor - INFO - Exited...
2022-10-31 14:53:22,374 - WorkflowExecutor - INFO - 

















2022-10-31 15:08:00,293 - WorkflowExecutor - INFO - 

















2022-10-31 15:08:00,293 - WorkflowExecutor - INFO - Starting...
2022-10-31 15:08:03,800 - broker - INFO - {'optiontype': 'XX', 'SQty': 783, 'vwapAveragePrice': '909.32', 'LTQ': '277', 'DecimalPrecision': 2, 'openPrice': '908.00', 'LTP': '906.70', 'Ltp': '906.70', 'BRate': '906.70', 'defmktproval': '3', 'symbolname': 'AXISBANK', 'noMktPro': '0', 'BQty': 1252, 'mktpro': '1', 'LTT': '31/10/2022 15:08:03', 'TickSize': '5', 'Multiplier': 1, 'strikeprice': '00.00', 'TotalSell': '609274', 'High': '918.00', 'stat': 'Ok', 'yearlyLowPrice': '618.25', 'yearlyHighPrice': '919.95', 'exchFeedTime': '31-Oct-2022 15:08:03', 'BodLotQty': 1, 'PrvClose': '903.05', 'Change': '03.65', 'SRate': '906.75', 'Series': 'EQ', 'TotalBuy': '350330', 'Low': '902.10', 'UniqueKey': 'AXISBANK', 'PerChange': '00.40', 'companyname': 'AXIS BANK LIMITED', 'TradeVolume': '7678811', 'TSymbl': 'AXISBANK-EQ', 'Exp': 'NA', 'LTD': 'NA'}
2022-10-31 15:08:06,676 - broker - INFO - {'optiontype': 'CE', 'SQty': 2400, 'vwapAveragePrice': '25.64', 'LTQ': '1200', 'DecimalPrecision': 2, 'openPrice': '27.35', 'LTP': '23.85', 'Ltp': '23.85', 'BRate': '23.70', 'defmktproval': '3', 'symbolname': 'AXISBANK', 'noMktPro': '0', 'BQty': 1200, 'mktpro': '1', 'LTT': '31/10/2022 15:08:00', 'TickSize': '5', 'Multiplier': 1, 'strikeprice': '910.00', 'TotalSell': '316800', 'High': '30.35', 'stat': 'Ok', 'yearlyLowPrice': '00.00', 'yearlyHighPrice': '30.35', 'exchFeedTime': '31-Oct-2022 15:08:03', 'BodLotQty': 1200, 'PrvClose': '24.95', 'Change': '-01.10', 'SRate': '23.85', 'Series': 'XX', 'TotalBuy': '236400', 'Low': '22.15', 'UniqueKey': 'NA', 'PerChange': '-04.41', 'companyname': '', 'TradeVolume': '2347200', 'TSymbl': 'AXISBANK22NOV910CE', 'Exp': '24 Nov, 2022', 'LTD': 'NA'}
2022-10-31 15:08:09,232 - broker - INFO - {'optiontype': 'PE', 'SQty': 1200, 'vwapAveragePrice': '19.23', 'LTQ': '1200', 'DecimalPrecision': 2, 'openPrice': '20.25', 'LTP': '19.70', 'Ltp': '19.70', 'BRate': '19.60', 'defmktproval': '3', 'symbolname': 'AXISBANK', 'noMktPro': '0', 'BQty': 2400, 'mktpro': '1', 'LTT': '31/10/2022 15:07:31', 'TickSize': '5', 'Multiplier': 1, 'strikeprice': '900.00', 'TotalSell': '446400', 'High': '21.25', 'stat': 'Ok', 'yearlyLowPrice': '00.00', 'yearlyHighPrice': '21.25', 'exchFeedTime': '31-Oct-2022 15:08:01', 'BodLotQty': 1200, 'PrvClose': '22.00', 'Change': '-02.30', 'SRate': '19.70', 'Series': 'XX', 'TotalBuy': '366000', 'Low': '17.00', 'UniqueKey': 'NA', 'PerChange': '-10.45', 'companyname': '', 'TradeVolume': '3516000', 'TSymbl': 'AXISBANK22NOV900PE', 'Exp': '24 Nov, 2022', 'LTD': 'NA'}
2022-10-31 15:08:13,332 - broker - INFO - {'optiontype': 'CE', 'SQty': 1200, 'vwapAveragePrice': '25.64', 'LTQ': '1200', 'Ltp': '23.85', 'LTP': '23.85', 'DecimalPrecision': 2, 'openPrice': '27.35', 'BRate': '23.70', 'defmktproval': '3', 'BQty': 2400, 'symbolname': 'AXISBANK', 'noMktPro': '0', 'LTT': '31/10/2022 15:08:03', 'mktpro': '1', 'TickSize': '5', 'Multiplier': 1, 'strikeprice': '910.00', 'TotalSell': '319200', 'High': '30.35', 'stat': 'Ok', 'BodLotQty': 1200, 'yearlyHighPrice': '30.35', 'yearlyLowPrice': '00.00', 'exchFeedTime': '31-Oct-2022 15:08:12', 'PrvClose': '24.95', 'SRate': '23.80', 'Change': '-01.10', 'Series': 'XX', 'TotalBuy': '237600', 'Low': '22.15', 'UniqueKey': 'NA', 'PerChange': '-04.41', 'companyname': '', 'TradeVolume': '2348400', 'TSymbl': 'AXISBANK22NOV910CE', 'Exp': '24 Nov, 2022', 'LTD': 'NA'}
2022-10-31 15:08:42,993 - WorkflowExecutor - INFO - Exited...
2022-10-31 15:08:42,993 - WorkflowExecutor - INFO - 

















2022-10-31 15:18:43,635 - WorkflowExecutor - INFO - 

















2022-10-31 15:18:43,635 - WorkflowExecutor - INFO - Starting...
2022-10-31 15:18:49,005 - broker - INFO - {'optiontype': 'XX', 'SQty': 73, 'vwapAveragePrice': '909.10', 'LTQ': '2', 'Ltp': '905.45', 'LTP': '905.45', 'DecimalPrecision': 2, 'openPrice': '908.00', 'BRate': '905.50', 'defmktproval': '3', 'BQty': 1, 'symbolname': 'AXISBANK', 'noMktPro': '0', 'LTT': '31/10/2022 15:18:48', 'mktpro': '1', 'TickSize': '5', 'Multiplier': 1, 'strikeprice': '00.00', 'TotalSell': '566284', 'High': '918.00', 'stat': 'Ok', 'BodLotQty': 1, 'yearlyHighPrice': '919.95', 'yearlyLowPrice': '618.25', 'exchFeedTime': '31-Oct-2022 15:18:48', 'PrvClose': '903.05', 'SRate': '905.55', 'Change': '02.40', 'Series': 'EQ', 'TotalBuy': '326748', 'Low': '902.10', 'UniqueKey': 'AXISBANK', 'PerChange': '00.27', 'companyname': 'AXIS BANK LIMITED', 'TradeVolume': '8354832', 'TSymbl': 'AXISBANK-EQ', 'Exp': 'NA', 'LTD': 'NA'}
2022-10-31 15:18:50,719 - broker - INFO - {'optiontype': 'CE', 'SQty': 1200, 'vwapAveragePrice': '25.55', 'LTQ': '1200', 'DecimalPrecision': 2, 'openPrice': '27.35', 'LTP': '23.05', 'Ltp': '23.05', 'BRate': '23.00', 'defmktproval': '3', 'symbolname': 'AXISBANK', 'noMktPro': '0', 'BQty': 8400, 'mktpro': '1', 'LTT': '31/10/2022 15:18:36', 'TickSize': '5', 'Multiplier': 1, 'strikeprice': '910.00', 'TotalSell': '330000', 'High': '30.35', 'stat': 'Ok', 'yearlyLowPrice': '00.00', 'yearlyHighPrice': '30.35', 'exchFeedTime': '31-Oct-2022 15:18:40', 'BodLotQty': 1200, 'PrvClose': '24.95', 'Change': '-01.90', 'SRate': '23.10', 'Series': 'XX', 'TotalBuy': '211200', 'Low': '22.15', 'UniqueKey': 'NA', 'PerChange': '-07.62', 'companyname': '', 'TradeVolume': '2461200', 'TSymbl': 'AXISBANK22NOV910CE', 'Exp': '24 Nov, 2022', 'LTD': 'NA'}
2022-10-31 15:18:52,333 - broker - INFO - {'optiontype': 'PE', 'SQty': 2400, 'vwapAveragePrice': '19.25', 'LTQ': '1200', 'Ltp': '20.00', 'LTP': '20.00', 'DecimalPrecision': 2, 'openPrice': '20.25', 'BRate': '20.00', 'defmktproval': '3', 'BQty': 13200, 'symbolname': 'AXISBANK', 'noMktPro': '0', 'LTT': '31/10/2022 15:18:27', 'mktpro': '1', 'TickSize': '5', 'Multiplier': 1, 'strikeprice': '900.00', 'TotalSell': '416400', 'High': '21.25', 'stat': 'Ok', 'BodLotQty': 1200, 'yearlyHighPrice': '21.25', 'yearlyLowPrice': '00.00', 'exchFeedTime': '31-Oct-2022 15:18:51', 'PrvClose': '22.00', 'SRate': '20.05', 'Change': '-02.00', 'Series': 'XX', 'TotalBuy': '357600', 'Low': '17.00', 'UniqueKey': 'NA', 'PerChange': '-09.09', 'companyname': '', 'TradeVolume': '3655200', 'TSymbl': 'AXISBANK22NOV900PE', 'Exp': '24 Nov, 2022', 'LTD': 'NA'}
2022-10-31 15:19:09,835 - WorkflowExecutor - INFO - 

















2022-10-31 15:19:09,837 - WorkflowExecutor - INFO - Starting...
2022-10-31 15:19:15,612 - broker - INFO - {'optiontype': 'XX', 'SQty': 1482, 'vwapAveragePrice': '909.09', 'LTQ': '9', 'DecimalPrecision': 2, 'openPrice': '908.00', 'LTP': '905.45', 'Ltp': '905.45', 'BRate': '905.45', 'defmktproval': '3', 'symbolname': 'AXISBANK', 'noMktPro': '0', 'BQty': 588, 'mktpro': '1', 'LTT': '31/10/2022 15:19:14', 'TickSize': '5', 'Multiplier': 1, 'strikeprice': '00.00', 'TotalSell': '566989', 'High': '918.00', 'stat': 'Ok', 'yearlyLowPrice': '618.25', 'yearlyHighPrice': '919.95', 'exchFeedTime': '31-Oct-2022 15:19:15', 'BodLotQty': 1, 'PrvClose': '903.05', 'Change': '02.40', 'SRate': '905.50', 'Series': 'EQ', 'TotalBuy': '324730', 'Low': '902.10', 'UniqueKey': 'AXISBANK', 'PerChange': '00.27', 'companyname': 'AXIS BANK LIMITED', 'TradeVolume': '8373438', 'TSymbl': 'AXISBANK-EQ', 'Exp': 'NA', 'LTD': 'NA'}
2022-10-31 15:19:17,113 - broker - INFO - {'optiontype': 'CE', 'SQty': 2400, 'vwapAveragePrice': '25.55', 'LTQ': '1200', 'DecimalPrecision': 2, 'openPrice': '27.35', 'LTP': '23.20', 'Ltp': '23.20', 'BRate': '23.10', 'defmktproval': '3', 'symbolname': 'AXISBANK', 'noMktPro': '0', 'BQty': 1200, 'mktpro': '1', 'LTT': '31/10/2022 15:19:03', 'TickSize': '5', 'Multiplier': 1, 'strikeprice': '910.00', 'TotalSell': '330000', 'High': '30.35', 'stat': 'Ok', 'yearlyLowPrice': '00.00', 'yearlyHighPrice': '30.35', 'exchFeedTime': '31-Oct-2022 15:19:13', 'BodLotQty': 1200, 'PrvClose': '24.95', 'Change': '-01.75', 'SRate': '23.25', 'Series': 'XX', 'TotalBuy': '214800', 'Low': '22.15', 'UniqueKey': 'NA', 'PerChange': '-07.01', 'companyname': '', 'TradeVolume': '2463600', 'TSymbl': 'AXISBANK22NOV910CE', 'Exp': '24 Nov, 2022', 'LTD': 'NA'}
2022-10-31 15:19:20,010 - broker - INFO - {'optiontype': 'PE', 'SQty': 3600, 'vwapAveragePrice': '19.25', 'LTQ': '2400', 'DecimalPrecision': 2, 'openPrice': '20.25', 'LTP': '20.00', 'Ltp': '20.00', 'BRate': '20.00', 'defmktproval': '3', 'symbolname': 'AXISBANK', 'noMktPro': '0', 'BQty': 1200, 'mktpro': '1', 'LTT': '31/10/2022 15:19:13', 'TickSize': '5', 'Multiplier': 1, 'strikeprice': '900.00', 'TotalSell': '412800', 'High': '21.25', 'stat': 'Ok', 'yearlyLowPrice': '00.00', 'yearlyHighPrice': '21.25', 'exchFeedTime': '31-Oct-2022 15:19:13', 'BodLotQty': 1200, 'PrvClose': '22.00', 'Change': '-02.00', 'SRate': '20.10', 'Series': 'XX', 'TotalBuy': '345600', 'Low': '17.00', 'UniqueKey': 'NA', 'PerChange': '-09.09', 'companyname': '', 'TradeVolume': '3672000', 'TSymbl': 'AXISBANK22NOV900PE', 'Exp': '24 Nov, 2022', 'LTD': 'NA'}
2022-10-31 15:19:54,255 - WorkflowExecutor - INFO - Exited...
2022-10-31 15:19:54,255 - WorkflowExecutor - INFO - 

















2022-10-31 15:24:56,836 - WorkflowExecutor - INFO - 

















2022-10-31 15:24:56,836 - WorkflowExecutor - INFO - Starting...
2022-10-31 15:25:09,904 - broker - INFO - {'optiontype': 'XX', 'SQty': 68, 'vwapAveragePrice': '908.90', 'LTQ': '95', 'Ltp': '905.30', 'LTP': '905.30', 'DecimalPrecision': 2, 'openPrice': '908.00', 'BRate': '905.30', 'defmktproval': '3', 'BQty': 1271, 'symbolname': 'AXISBANK', 'noMktPro': '0', 'LTT': '31/10/2022 15:25:08', 'mktpro': '1', 'TickSize': '5', 'Multiplier': 1, 'strikeprice': '00.00', 'TotalSell': '515693', 'High': '918.00', 'stat': 'Ok', 'BodLotQty': 1, 'yearlyHighPrice': '919.95', 'yearlyLowPrice': '618.25', 'exchFeedTime': '31-Oct-2022 15:25:08', 'PrvClose': '903.05', 'SRate': '905.80', 'Change': '02.25', 'Series': 'EQ', 'TotalBuy': '309106', 'Low': '902.10', 'UniqueKey': 'AXISBANK', 'PerChange': '00.25', 'companyname': 'AXIS BANK LIMITED', 'TradeVolume': '8812834', 'TSymbl': 'AXISBANK-EQ', 'Exp': 'NA', 'LTD': 'NA'}
2022-10-31 15:25:11,330 - broker - INFO - {'optiontype': 'CE', 'SQty': 2400, 'vwapAveragePrice': '25.51', 'LTQ': '1200', 'DecimalPrecision': 2, 'openPrice': '27.35', 'LTP': '23.50', 'Ltp': '23.50', 'BRate': '23.50', 'defmktproval': '3', 'symbolname': 'AXISBANK', 'noMktPro': '0', 'BQty': 1200, 'mktpro': '1', 'LTT': '31/10/2022 15:25:02', 'TickSize': '5', 'Multiplier': 1, 'strikeprice': '910.00', 'TotalSell': '303600', 'High': '30.35', 'stat': 'Ok', 'yearlyLowPrice': '00.00', 'yearlyHighPrice': '30.35', 'exchFeedTime': '31-Oct-2022 15:25:08', 'BodLotQty': 1200, 'PrvClose': '24.95', 'Change': '-01.45', 'SRate': '23.60', 'Series': 'XX', 'TotalBuy': '218400', 'Low': '22.15', 'UniqueKey': 'NA', 'PerChange': '-05.81', 'companyname': '', 'TradeVolume': '2506800', 'TSymbl': 'AXISBANK22NOV910CE', 'Exp': '24 Nov, 2022', 'LTD': 'NA'}
2022-10-31 15:25:12,602 - broker - INFO - {'optiontype': 'PE', 'SQty': 1200, 'vwapAveragePrice': '19.27', 'LTQ': '1200', 'DecimalPrecision': 2, 'openPrice': '20.25', 'LTP': '20.00', 'Ltp': '20.00', 'BRate': '19.90', 'defmktproval': '3', 'symbolname': 'AXISBANK', 'noMktPro': '0', 'BQty': 2400, 'mktpro': '1', 'LTT': '31/10/2022 15:24:50', 'TickSize': '5', 'Multiplier': 1, 'strikeprice': '900.00', 'TotalSell': '416400', 'High': '21.25', 'stat': 'Ok', 'yearlyLowPrice': '00.00', 'yearlyHighPrice': '21.25', 'exchFeedTime': '31-Oct-2022 15:25:09', 'BodLotQty': 1200, 'PrvClose': '22.00', 'Change': '-02.00', 'SRate': '20.00', 'Series': 'XX', 'TotalBuy': '342000', 'Low': '17.00', 'UniqueKey': 'NA', 'PerChange': '-09.09', 'companyname': '', 'TradeVolume': '3739200', 'TSymbl': 'AXISBANK22NOV900PE', 'Exp': '24 Nov, 2022', 'LTD': 'NA'}
2022-10-31 15:25:16,093 - WorkflowExecutor - INFO - Exited...
2022-10-31 15:25:16,093 - WorkflowExecutor - INFO - 

















2022-10-31 15:25:34,974 - WorkflowExecutor - INFO - 

















2022-10-31 15:25:34,974 - WorkflowExecutor - INFO - Starting...
2022-10-31 15:25:40,648 - broker - INFO - {'optiontype': 'XX', 'SQty': 6668, 'vwapAveragePrice': '908.89', 'LTQ': '51', 'DecimalPrecision': 2, 'openPrice': '908.00', 'LTP': '905.65', 'Ltp': '905.65', 'BRate': '905.60', 'defmktproval': '3', 'symbolname': 'AXISBANK', 'noMktPro': '0', 'BQty': 127, 'mktpro': '1', 'LTT': '31/10/2022 15:25:39', 'TickSize': '5', 'Multiplier': 1, 'strikeprice': '00.00', 'TotalSell': '498083', 'High': '918.00', 'stat': 'Ok', 'yearlyLowPrice': '618.25', 'yearlyHighPrice': '919.95', 'exchFeedTime': '31-Oct-2022 15:25:40', 'BodLotQty': 1, 'PrvClose': '903.05', 'Change': '02.60', 'SRate': '905.65', 'Series': 'EQ', 'TotalBuy': '312986', 'Low': '902.10', 'UniqueKey': 'AXISBANK', 'PerChange': '00.29', 'companyname': 'AXIS BANK LIMITED', 'TradeVolume': '8837276', 'TSymbl': 'AXISBANK-EQ', 'Exp': 'NA', 'LTD': 'NA'}
2022-10-31 15:25:43,342 - broker - INFO - {'optiontype': 'CE', 'SQty': 1200, 'vwapAveragePrice': '25.50', 'LTQ': '1200', 'Ltp': '23.45', 'LTP': '23.45', 'DecimalPrecision': 2, 'openPrice': '27.35', 'BRate': '23.35', 'defmktproval': '3', 'BQty': 1200, 'symbolname': 'AXISBANK', 'noMktPro': '0', 'LTT': '31/10/2022 15:25:30', 'mktpro': '1', 'TickSize': '5', 'Multiplier': 1, 'strikeprice': '910.00', 'TotalSell': '307200', 'High': '30.35', 'stat': 'Ok', 'BodLotQty': 1200, 'yearlyHighPrice': '30.35', 'yearlyLowPrice': '00.00', 'exchFeedTime': '31-Oct-2022 15:25:39', 'PrvClose': '24.95', 'SRate': '23.50', 'Change': '-01.50', 'Series': 'XX', 'TotalBuy': '213600', 'Low': '22.15', 'UniqueKey': 'NA', 'PerChange': '-06.01', 'companyname': '', 'TradeVolume': '2514000', 'TSymbl': 'AXISBANK22NOV910CE', 'Exp': '24 Nov, 2022', 'LTD': 'NA'}
2022-10-31 15:25:44,813 - broker - INFO - {'optiontype': 'PE', 'SQty': 13200, 'vwapAveragePrice': '19.27', 'LTQ': '1200', 'Ltp': '19.85', 'LTP': '19.85', 'DecimalPrecision': 2, 'openPrice': '20.25', 'BRate': '19.85', 'defmktproval': '3', 'BQty': 1200, 'symbolname': 'AXISBANK', 'noMktPro': '0', 'LTT': '31/10/2022 15:25:34', 'mktpro': '1', 'TickSize': '5', 'Multiplier': 1, 'strikeprice': '900.00', 'TotalSell': '423600', 'High': '21.25', 'stat': 'Ok', 'BodLotQty': 1200, 'yearlyHighPrice': '21.25', 'yearlyLowPrice': '00.00', 'exchFeedTime': '31-Oct-2022 15:25:44', 'PrvClose': '22.00', 'SRate': '20.00', 'Change': '-02.15', 'Series': 'XX', 'TotalBuy': '340800', 'Low': '17.00', 'UniqueKey': 'NA', 'PerChange': '-09.77', 'companyname': '', 'TradeVolume': '3742800', 'TSymbl': 'AXISBANK22NOV900PE', 'Exp': '24 Nov, 2022', 'LTD': 'NA'}
2022-10-31 15:26:26,686 - WorkflowExecutor - INFO - 

















2022-10-31 15:26:26,686 - WorkflowExecutor - INFO - Starting...
2022-10-31 15:26:29,790 - broker - INFO - {'optiontype': 'XX', 'SQty': 62, 'vwapAveragePrice': '908.87', 'LTQ': '1', 'Ltp': '905.15', 'LTP': '905.15', 'DecimalPrecision': 2, 'openPrice': '908.00', 'BRate': '905.15', 'defmktproval': '3', 'BQty': 2894, 'symbolname': 'AXISBANK', 'noMktPro': '0', 'LTT': '31/10/2022 15:26:28', 'mktpro': '1', 'TickSize': '5', 'Multiplier': 1, 'strikeprice': '00.00', 'TotalSell': '477957', 'High': '918.00', 'stat': 'Ok', 'BodLotQty': 1, 'yearlyHighPrice': '919.95', 'yearlyLowPrice': '618.25', 'exchFeedTime': '31-Oct-2022 15:26:28', 'PrvClose': '903.05', 'SRate': '905.30', 'Change': '02.10', 'Series': 'EQ', 'TotalBuy': '312198', 'Low': '902.10', 'UniqueKey': 'AXISBANK', 'PerChange': '00.23', 'companyname': 'AXIS BANK LIMITED', 'TradeVolume': '8894481', 'TSymbl': 'AXISBANK-EQ', 'Exp': 'NA', 'LTD': 'NA'}
2022-10-31 15:26:31,226 - broker - INFO - {'optiontype': 'CE', 'SQty': 1200, 'vwapAveragePrice': '25.50', 'LTQ': '1200', 'DecimalPrecision': 2, 'openPrice': '27.35', 'LTP': '23.25', 'Ltp': '23.25', 'BRate': '23.20', 'defmktproval': '3', 'symbolname': 'AXISBANK', 'noMktPro': '0', 'BQty': 1200, 'mktpro': '1', 'LTT': '31/10/2022 15:26:24', 'TickSize': '5', 'Multiplier': 1, 'strikeprice': '910.00', 'TotalSell': '309600', 'High': '30.35', 'stat': 'Ok', 'yearlyLowPrice': '00.00', 'yearlyHighPrice': '30.35', 'exchFeedTime': '31-Oct-2022 15:26:30', 'BodLotQty': 1200, 'PrvClose': '24.95', 'Change': '-01.70', 'SRate': '23.35', 'Series': 'XX', 'TotalBuy': '210000', 'Low': '22.15', 'UniqueKey': 'NA', 'PerChange': '-06.81', 'companyname': '', 'TradeVolume': '2520000', 'TSymbl': 'AXISBANK22NOV910CE', 'Exp': '24 Nov, 2022', 'LTD': 'NA'}
2022-10-31 15:26:32,676 - broker - INFO - {'optiontype': 'PE', 'SQty': 6000, 'vwapAveragePrice': '19.27', 'LTQ': '1200', 'Ltp': '20.00', 'LTP': '20.00', 'DecimalPrecision': 2, 'openPrice': '20.25', 'BRate': '19.90', 'defmktproval': '3', 'BQty': 2400, 'symbolname': 'AXISBANK', 'noMktPro': '0', 'LTT': '31/10/2022 15:26:21', 'mktpro': '1', 'TickSize': '5', 'Multiplier': 1, 'strikeprice': '900.00', 'TotalSell': '420000', 'High': '21.25', 'stat': 'Ok', 'BodLotQty': 1200, 'yearlyHighPrice': '21.25', 'yearlyLowPrice': '00.00', 'exchFeedTime': '31-Oct-2022 15:26:30', 'PrvClose': '22.00', 'SRate': '20.00', 'Change': '-02.00', 'Series': 'XX', 'TotalBuy': '340800', 'Low': '17.00', 'UniqueKey': 'NA', 'PerChange': '-09.09', 'companyname': '', 'TradeVolume': '3762000', 'TSymbl': 'AXISBANK22NOV900PE', 'Exp': '24 Nov, 2022', 'LTD': 'NA'}
2022-10-31 15:27:00,295 - WorkflowExecutor - INFO - 

















2022-10-31 15:27:00,295 - WorkflowExecutor - INFO - Starting...
2022-10-31 15:27:04,100 - broker - INFO - {'optiontype': 'XX', 'SQty': 347, 'vwapAveragePrice': '908.86', 'LTQ': '55', 'Ltp': '905.35', 'LTP': '905.35', 'DecimalPrecision': 2, 'openPrice': '908.00', 'BRate': '905.35', 'defmktproval': '3', 'BQty': 2455, 'symbolname': 'AXISBANK', 'noMktPro': '0', 'LTT': '31/10/2022 15:27:02', 'mktpro': '1', 'TickSize': '5', 'Multiplier': 1, 'strikeprice': '00.00', 'TotalSell': '466005', 'High': '918.00', 'stat': 'Ok', 'BodLotQty': 1, 'yearlyHighPrice': '919.95', 'yearlyLowPrice': '618.25', 'exchFeedTime': '31-Oct-2022 15:27:03', 'PrvClose': '903.05', 'SRate': '905.40', 'Change': '02.30', 'Series': 'EQ', 'TotalBuy': '285291', 'Low': '902.10', 'UniqueKey': 'AXISBANK', 'PerChange': '00.25', 'companyname': 'AXIS BANK LIMITED', 'TradeVolume': '8914007', 'TSymbl': 'AXISBANK-EQ', 'Exp': 'NA', 'LTD': 'NA'}
2022-10-31 15:27:05,536 - broker - INFO - {'optiontype': 'CE', 'SQty': 1200, 'vwapAveragePrice': '25.50', 'LTQ': '1200', 'Ltp': '23.25', 'LTP': '23.25', 'DecimalPrecision': 2, 'openPrice': '27.35', 'BRate': '23.25', 'defmktproval': '3', 'BQty': 1200, 'symbolname': 'AXISBANK', 'noMktPro': '0', 'LTT': '31/10/2022 15:26:37', 'mktpro': '1', 'TickSize': '5', 'Multiplier': 1, 'strikeprice': '910.00', 'TotalSell': '306000', 'High': '30.35', 'stat': 'Ok', 'BodLotQty': 1200, 'yearlyHighPrice': '30.35', 'yearlyLowPrice': '00.00', 'exchFeedTime': '31-Oct-2022 15:27:03', 'PrvClose': '24.95', 'SRate': '23.30', 'Change': '-01.70', 'Series': 'XX', 'TotalBuy': '205200', 'Low': '22.15', 'UniqueKey': 'NA', 'PerChange': '-06.81', 'companyname': '', 'TradeVolume': '2521200', 'TSymbl': 'AXISBANK22NOV910CE', 'Exp': '24 Nov, 2022', 'LTD': 'NA'}
2022-10-31 15:27:08,342 - broker - INFO - {'optiontype': 'PE', 'SQty': 6000, 'vwapAveragePrice': '19.27', 'LTQ': '1200', 'DecimalPrecision': 2, 'openPrice': '20.25', 'LTP': '20.10', 'Ltp': '20.10', 'BRate': '20.00', 'defmktproval': '3', 'symbolname': 'AXISBANK', 'noMktPro': '0', 'BQty': 1200, 'mktpro': '1', 'LTT': '31/10/2022 15:26:41', 'TickSize': '5', 'Multiplier': 1, 'strikeprice': '900.00', 'TotalSell': '412800', 'High': '21.25', 'stat': 'Ok', 'yearlyLowPrice': '00.00', 'yearlyHighPrice': '21.25', 'exchFeedTime': '31-Oct-2022 15:27:06', 'BodLotQty': 1200, 'PrvClose': '22.00', 'Change': '-01.90', 'SRate': '20.10', 'Series': 'XX', 'TotalBuy': '343200', 'Low': '17.00', 'UniqueKey': 'NA', 'PerChange': '-08.64', 'companyname': '', 'TradeVolume': '3768000', 'TSymbl': 'AXISBANK22NOV900PE', 'Exp': '24 Nov, 2022', 'LTD': 'NA'}
2022-10-31 15:27:33,319 - WorkflowExecutor - INFO - 

















2022-10-31 15:27:33,319 - WorkflowExecutor - INFO - Starting...
2022-10-31 15:27:37,280 - broker - INFO - {'optiontype': 'XX', 'SQty': 2568, 'vwapAveragePrice': '908.85', 'LTQ': '66', 'Ltp': '905.45', 'LTP': '905.45', 'DecimalPrecision': 2, 'openPrice': '908.00', 'BRate': '905.40', 'defmktproval': '3', 'BQty': 3037, 'symbolname': 'AXISBANK', 'noMktPro': '0', 'LTT': '31/10/2022 15:27:36', 'mktpro': '1', 'TickSize': '5', 'Multiplier': 1, 'strikeprice': '00.00', 'TotalSell': '460036', 'High': '918.00', 'stat': 'Ok', 'BodLotQty': 1, 'yearlyHighPrice': '919.95', 'yearlyLowPrice': '618.25', 'exchFeedTime': '31-Oct-2022 15:27:37', 'PrvClose': '903.05', 'SRate': '905.45', 'Change': '02.40', 'Series': 'EQ', 'TotalBuy': '292278', 'Low': '902.10', 'UniqueKey': 'AXISBANK', 'PerChange': '00.27', 'companyname': 'AXIS BANK LIMITED', 'TradeVolume': '8938117', 'TSymbl': 'AXISBANK-EQ', 'Exp': 'NA', 'LTD': 'NA'}
2022-10-31 15:27:40,151 - broker - INFO - {'optiontype': 'CE', 'SQty': 1200, 'vwapAveragePrice': '25.49', 'LTQ': '1200', 'Ltp': '23.15', 'LTP': '23.15', 'DecimalPrecision': 2, 'openPrice': '27.35', 'BRate': '23.15', 'defmktproval': '3', 'BQty': 3600, 'symbolname': 'AXISBANK', 'noMktPro': '0', 'LTT': '31/10/2022 15:27:33', 'mktpro': '1', 'TickSize': '5', 'Multiplier': 1, 'strikeprice': '910.00', 'TotalSell': '303600', 'High': '30.35', 'stat': 'Ok', 'BodLotQty': 1200, 'yearlyHighPrice': '30.35', 'yearlyLowPrice': '00.00', 'exchFeedTime': '31-Oct-2022 15:27:39', 'PrvClose': '24.95', 'SRate': '23.25', 'Change': '-01.80', 'Series': 'XX', 'TotalBuy': '195600', 'Low': '22.15', 'UniqueKey': 'NA', 'PerChange': '-07.21', 'companyname': '', 'TradeVolume': '2529600', 'TSymbl': 'AXISBANK22NOV910CE', 'Exp': '24 Nov, 2022', 'LTD': 'NA'}
2022-10-31 15:27:41,902 - broker - INFO - {'optiontype': 'PE', 'SQty': 8400, 'vwapAveragePrice': '19.27', 'LTQ': '1200', 'Ltp': '20.10', 'LTP': '20.10', 'DecimalPrecision': 2, 'openPrice': '20.25', 'BRate': '20.00', 'defmktproval': '3', 'BQty': 2400, 'symbolname': 'AXISBANK', 'noMktPro': '0', 'LTT': '31/10/2022 15:27:33', 'mktpro': '1', 'TickSize': '5', 'Multiplier': 1, 'strikeprice': '900.00', 'TotalSell': '405600', 'High': '21.25', 'stat': 'Ok', 'BodLotQty': 1200, 'yearlyHighPrice': '21.25', 'yearlyLowPrice': '00.00', 'exchFeedTime': '31-Oct-2022 15:27:35', 'PrvClose': '22.00', 'SRate': '20.10', 'Change': '-01.90', 'Series': 'XX', 'TotalBuy': '334800', 'Low': '17.00', 'UniqueKey': 'NA', 'PerChange': '-08.64', 'companyname': '', 'TradeVolume': '3776400', 'TSymbl': 'AXISBANK22NOV900PE', 'Exp': '24 Nov, 2022', 'LTD': 'NA'}
2022-10-31 15:36:28,847 - WorkflowExecutor - INFO - 

















2022-10-31 15:36:28,847 - WorkflowExecutor - INFO - Starting...
2022-10-31 15:36:33,445 - broker - INFO - {'optiontype': 'XX', 'SQty': 0, 'vwapAveragePrice': '908.82', 'LTQ': '1', 'Ltp': '906.00', 'LTP': '906.00', 'DecimalPrecision': 2, 'openPrice': '908.00', 'BRate': '00.00', 'defmktproval': '3', 'BQty': 0, 'symbolname': 'AXISBANK', 'noMktPro': '0', 'LTT': '31/10/2022 15:29:59', 'mktpro': '1', 'TickSize': '5', 'Multiplier': 1, 'strikeprice': '00.00', 'TotalSell': 'NA', 'High': '918.00', 'stat': 'Ok', 'BodLotQty': 1, 'yearlyHighPrice': '919.95', 'yearlyLowPrice': '618.25', 'exchFeedTime': '31-Oct-2022 15:36:28', 'PrvClose': '906.00', 'SRate': '00.00', 'Change': '00.00', 'Series': 'EQ', 'TotalBuy': 'NA', 'Low': '902.10', 'UniqueKey': 'AXISBANK', 'PerChange': '00.00', 'companyname': 'AXIS BANK LIMITED', 'TradeVolume': '9038318', 'TSymbl': 'AXISBANK-EQ', 'Exp': 'NA', 'LTD': 'NA'}
2022-10-31 15:36:35,083 - broker - INFO - {'optiontype': 'CE', 'SQty': 1200, 'vwapAveragePrice': '25.47', 'LTQ': '1200', 'Ltp': '23.05', 'LTP': '23.05', 'DecimalPrecision': 2, 'openPrice': '27.35', 'BRate': '23.05', 'defmktproval': '3', 'BQty': 1200, 'symbolname': 'AXISBANK', 'noMktPro': '0', 'LTT': '31/10/2022 15:29:54', 'mktpro': '1', 'TickSize': '5', 'Multiplier': 1, 'strikeprice': '910.00', 'TotalSell': '284400', 'High': '30.35', 'stat': 'Ok', 'BodLotQty': 1200, 'yearlyHighPrice': '30.35', 'yearlyLowPrice': '00.00', 'exchFeedTime': '31-Oct-2022 15:30:03', 'PrvClose': '24.95', 'SRate': '23.30', 'Change': '-01.90', 'Series': 'XX', 'TotalBuy': '174000', 'Low': '22.15', 'UniqueKey': 'NA', 'PerChange': '-07.62', 'companyname': '', 'TradeVolume': '2547600', 'TSymbl': 'AXISBANK22NOV910CE', 'Exp': '24 Nov, 2022', 'LTD': 'NA'}
2022-10-31 15:36:37,027 - broker - INFO - {'optiontype': 'PE', 'SQty': 1200, 'vwapAveragePrice': '19.28', 'LTQ': '1200', 'Ltp': '20.10', 'LTP': '20.10', 'DecimalPrecision': 2, 'openPrice': '20.25', 'BRate': '20.05', 'defmktproval': '3', 'BQty': 1200, 'symbolname': 'AXISBANK', 'noMktPro': '0', 'LTT': '31/10/2022 15:29:54', 'mktpro': '1', 'TickSize': '5', 'Multiplier': 1, 'strikeprice': '900.00', 'TotalSell': '386400', 'High': '21.25', 'stat': 'Ok', 'BodLotQty': 1200, 'yearlyHighPrice': '21.25', 'yearlyLowPrice': '00.00', 'exchFeedTime': '31-Oct-2022 15:30:03', 'PrvClose': '22.00', 'SRate': '20.10', 'Change': '-01.90', 'Series': 'XX', 'TotalBuy': '309600', 'Low': '17.00', 'UniqueKey': 'NA', 'PerChange': '-08.64', 'companyname': '', 'TradeVolume': '3824400', 'TSymbl': 'AXISBANK22NOV900PE', 'Exp': '24 Nov, 2022', 'LTD': 'NA'}
2022-10-31 15:36:44,654 - websocket - WARNING - websocket connected
2022-10-31 15:36:55,307 - WorkflowExecutor - INFO - 

















2022-10-31 15:36:55,307 - WorkflowExecutor - INFO - Starting...
2022-10-31 15:37:01,501 - broker - INFO - {'optiontype': 'XX', 'SQty': 0, 'vwapAveragePrice': '908.82', 'LTQ': '1', 'Ltp': '906.00', 'LTP': '906.00', 'DecimalPrecision': 2, 'openPrice': '908.00', 'BRate': '00.00', 'defmktproval': '3', 'BQty': 0, 'symbolname': 'AXISBANK', 'noMktPro': '0', 'LTT': '31/10/2022 15:29:59', 'mktpro': '1', 'TickSize': '5', 'Multiplier': 1, 'strikeprice': '00.00', 'TotalSell': 'NA', 'High': '918.00', 'stat': 'Ok', 'BodLotQty': 1, 'yearlyHighPrice': '919.95', 'yearlyLowPrice': '618.25', 'exchFeedTime': '31-Oct-2022 15:36:28', 'PrvClose': '906.00', 'SRate': '00.00', 'Change': '00.00', 'Series': 'EQ', 'TotalBuy': 'NA', 'Low': '902.10', 'UniqueKey': 'AXISBANK', 'PerChange': '00.00', 'companyname': 'AXIS BANK LIMITED', 'TradeVolume': '9038318', 'TSymbl': 'AXISBANK-EQ', 'Exp': 'NA', 'LTD': 'NA'}
2022-10-31 15:37:04,983 - broker - INFO - {'optiontype': 'CE', 'SQty': 1200, 'vwapAveragePrice': '25.47', 'LTQ': '1200', 'Ltp': '23.05', 'LTP': '23.05', 'DecimalPrecision': 2, 'openPrice': '27.35', 'BRate': '23.05', 'defmktproval': '3', 'BQty': 1200, 'symbolname': 'AXISBANK', 'noMktPro': '0', 'LTT': '31/10/2022 15:29:54', 'mktpro': '1', 'TickSize': '5', 'Multiplier': 1, 'strikeprice': '910.00', 'TotalSell': '284400', 'High': '30.35', 'stat': 'Ok', 'BodLotQty': 1200, 'yearlyHighPrice': '30.35', 'yearlyLowPrice': '00.00', 'exchFeedTime': '31-Oct-2022 15:30:03', 'PrvClose': '24.95', 'SRate': '23.30', 'Change': '-01.90', 'Series': 'XX', 'TotalBuy': '174000', 'Low': '22.15', 'UniqueKey': 'NA', 'PerChange': '-07.62', 'companyname': '', 'TradeVolume': '2547600', 'TSymbl': 'AXISBANK22NOV910CE', 'Exp': '24 Nov, 2022', 'LTD': 'NA'}
2022-10-31 15:37:07,798 - broker - INFO - {'optiontype': 'PE', 'SQty': 1200, 'vwapAveragePrice': '19.28', 'LTQ': '1200', 'Ltp': '20.10', 'LTP': '20.10', 'DecimalPrecision': 2, 'openPrice': '20.25', 'BRate': '20.05', 'defmktproval': '3', 'BQty': 1200, 'symbolname': 'AXISBANK', 'noMktPro': '0', 'LTT': '31/10/2022 15:29:54', 'mktpro': '1', 'TickSize': '5', 'Multiplier': 1, 'strikeprice': '900.00', 'TotalSell': '386400', 'High': '21.25', 'stat': 'Ok', 'BodLotQty': 1200, 'yearlyHighPrice': '21.25', 'yearlyLowPrice': '00.00', 'exchFeedTime': '31-Oct-2022 15:30:03', 'PrvClose': '22.00', 'SRate': '20.10', 'Change': '-01.90', 'Series': 'XX', 'TotalBuy': '309600', 'Low': '17.00', 'UniqueKey': 'NA', 'PerChange': '-08.64', 'companyname': '', 'TradeVolume': '3824400', 'TSymbl': 'AXISBANK22NOV900PE', 'Exp': '24 Nov, 2022', 'LTD': 'NA'}
2022-10-31 15:37:13,476 - websocket - WARNING - websocket connected
2022-11-01 00:35:05,589 - WorkflowExecutor - INFO - 

















2022-11-01 00:35:05,590 - WorkflowExecutor - INFO - Starting...
